{"meta": {"format": 3, "version": "7.13.2", "timestamp": "2026-01-26T21:09:48.913238", "branch_coverage": false, "show_contexts": false}, "files": {"slack_bot/__init__.py": {"executed_lines": [12], "summary": {"covered_lines": 1, "num_statements": 1, "percent_covered": 100.0, "percent_covered_display": "100", "missing_lines": 0, "excluded_lines": 0, "percent_statements_covered": 100.0, "percent_statements_covered_display": "100"}, "missing_lines": [], "excluded_lines": [], "functions": {"": {"executed_lines": [12], "summary": {"covered_lines": 1, "num_statements": 1, "percent_covered": 100.0, "percent_covered_display": "100", "missing_lines": 0, "excluded_lines": 0, "percent_statements_covered": 100.0, "percent_statements_covered_display": "100"}, "missing_lines": [], "excluded_lines": [], "start_line": 1}}, "classes": {"": {"executed_lines": [12], "summary": {"covered_lines": 1, "num_statements": 1, "percent_covered": 100.0, "percent_covered_display": "100", "missing_lines": 0, "excluded_lines": 0, "percent_statements_covered": 100.0, "percent_statements_covered_display": "100"}, "missing_lines": [], "excluded_lines": [], "start_line": 1}}}, "slack_bot/api.py": {"executed_lines": [], "summary": {"covered_lines": 0, "num_statements": 62, "percent_covered": 0.0, "percent_covered_display": "0", "missing_lines": 62, "excluded_lines": 0, "percent_statements_covered": 0.0, "percent_statements_covered_display": "0"}, "missing_lines": [14, 15, 16, 18, 19, 22, 25, 37, 44, 45, 46, 48, 50, 52, 56, 60, 66, 68, 70, 84, 86, 89, 92, 98, 99, 104, 105, 108, 113, 114, 117, 122, 136, 138, 141, 144, 150, 151, 156, 157, 160, 165, 166, 169, 174, 191, 193, 196, 199, 205, 206, 211, 212, 215, 220, 221, 224, 229, 236, 241, 249, 253], "excluded_lines": [], "functions": {"NotificationAPI.__init__": {"executed_lines": [], "summary": {"covered_lines": 0, "num_statements": 4, "percent_covered": 0.0, "percent_covered_display": "0", "missing_lines": 4, "excluded_lines": 0, "percent_statements_covered": 0.0, "percent_statements_covered_display": "0"}, "missing_lines": [44, 45, 46, 48], "excluded_lines": [], "start_line": 37}, "NotificationAPI._setup_routes": {"executed_lines": [], "summary": {"covered_lines": 0, "num_statements": 5, "percent_covered": 0.0, "percent_covered_display": "0", "missing_lines": 5, "excluded_lines": 0, "percent_statements_covered": 0.0, "percent_statements_covered_display": "0"}, "missing_lines": [52, 56, 60, 66, 68], "excluded_lines": [], "start_line": 50}, "NotificationAPI.handle_plan_notification": {"executed_lines": [], "summary": {"covered_lines": 0, "num_statements": 12, "percent_covered": 0.0, "percent_covered_display": "0", "missing_lines": 12, "excluded_lines": 0, "percent_statements_covered": 0.0, "percent_statements_covered_display": "0"}, "missing_lines": [84, 86, 89, 92, 98, 99, 104, 105, 108, 113, 114, 117], "excluded_lines": [], "start_line": 70}, "NotificationAPI.handle_blocking_task_notification": {"executed_lines": [], "summary": {"covered_lines": 0, "num_statements": 12, "percent_covered": 0.0, "percent_covered_display": "0", "missing_lines": 12, "excluded_lines": 0, "percent_statements_covered": 0.0, "percent_statements_covered_display": "0"}, "missing_lines": [136, 138, 141, 144, 150, 151, 156, 157, 160, 165, 166, 169], "excluded_lines": [], "start_line": 122}, "NotificationAPI.handle_blocking_task_resolved_notification": {"executed_lines": [], "summary": {"covered_lines": 0, "num_statements": 12, "percent_covered": 0.0, "percent_covered_display": "0", "missing_lines": 12, "excluded_lines": 0, "percent_statements_covered": 0.0, "percent_statements_covered_display": "0"}, "missing_lines": [191, 193, 196, 199, 205, 206, 211, 212, 215, 220, 221, 224], "excluded_lines": [], "start_line": 174}, "NotificationAPI.health_check": {"executed_lines": [], "summary": {"covered_lines": 0, "num_statements": 1, "percent_covered": 0.0, "percent_covered_display": "0", "missing_lines": 1, "excluded_lines": 0, "percent_statements_covered": 0.0, "percent_statements_covered_display": "0"}, "missing_lines": [236], "excluded_lines": [], "start_line": 229}, "NotificationAPI.run": {"executed_lines": [], "summary": {"covered_lines": 0, "num_statements": 2, "percent_covered": 0.0, "percent_covered_display": "0", "missing_lines": 2, "excluded_lines": 0, "percent_statements_covered": 0.0, "percent_statements_covered_display": "0"}, "missing_lines": [249, 253], "excluded_lines": [], "start_line": 241}, "": {"executed_lines": [], "summary": {"covered_lines": 0, "num_statements": 14, "percent_covered": 0.0, "percent_covered_display": "0", "missing_lines": 14, "excluded_lines": 0, "percent_statements_covered": 0.0, "percent_statements_covered_display": "0"}, "missing_lines": [14, 15, 16, 18, 19, 22, 25, 37, 50, 70, 122, 174, 229, 241], "excluded_lines": [], "start_line": 1}}, "classes": {"NotificationAPI": {"executed_lines": [], "summary": {"covered_lines": 0, "num_statements": 48, "percent_covered": 0.0, "percent_covered_display": "0", "missing_lines": 48, "excluded_lines": 0, "percent_statements_covered": 0.0, "percent_statements_covered_display": "0"}, "missing_lines": [44, 45, 46, 48, 52, 56, 60, 66, 68, 84, 86, 89, 92, 98, 99, 104, 105, 108, 113, 114, 117, 136, 138, 141, 144, 150, 151, 156, 157, 160, 165, 166, 169, 191, 193, 196, 199, 205, 206, 211, 212, 215, 220, 221, 224, 236, 249, 253], "excluded_lines": [], "start_line": 25}, "": {"executed_lines": [], "summary": {"covered_lines": 0, "num_statements": 14, "percent_covered": 0.0, "percent_covered_display": "0", "missing_lines": 14, "excluded_lines": 0, "percent_statements_covered": 0.0, "percent_statements_covered_display": "0"}, "missing_lines": [14, 15, 16, 18, 19, 22, 25, 37, 50, 70, 122, 174, 229, 241], "excluded_lines": [], "start_line": 1}}}, "slack_bot/command_handler.py": {"executed_lines": [15, 16, 17, 18, 20, 21, 22, 25, 28, 38, 54, 55, 56, 57, 60, 69, 84, 94, 96, 97, 98, 101, 102, 103, 104, 105, 106, 107, 108, 111, 134, 153, 162, 163, 165, 166, 167, 170, 171, 172, 173, 174, 180, 182, 191, 193, 203, 215, 216, 221, 222, 234, 240, 241, 246, 252, 266, 271, 273, 281, 282, 285, 292, 293, 294, 295, 297, 309, 310, 327, 328, 333, 339, 353, 358, 381, 389, 408, 414, 415, 417, 465, 467, 469, 474, 475, 478, 479, 480, 482, 484, 485, 486, 487, 489, 503, 510, 511, 543, 589, 642, 698, 743], "summary": {"covered_lines": 103, "num_statements": 175, "percent_covered": 58.857142857142854, "percent_covered_display": "59", "missing_lines": 72, "excluded_lines": 0, "percent_statements_covered": 58.857142857142854, "percent_statements_covered_display": "59"}, "missing_lines": [117, 118, 128, 205, 228, 235, 321, 419, 420, 422, 423, 424, 429, 431, 432, 433, 438, 440, 441, 442, 447, 449, 450, 451, 456, 459, 525, 531, 532, 537, 545, 546, 554, 555, 556, 575, 581, 582, 583, 591, 592, 593, 599, 600, 608, 609, 628, 634, 635, 636, 644, 645, 646, 652, 654, 655, 663, 664, 665, 684, 690, 691, 692, 700, 701, 709, 710, 729, 735, 736, 737, 745], "excluded_lines": [], "functions": {"CommandHandler.__init__": {"executed_lines": [54, 55, 56, 57, 60], "summary": {"covered_lines": 5, "num_statements": 5, "percent_covered": 100.0, "percent_covered_display": "100", "missing_lines": 0, "excluded_lines": 0, "percent_statements_covered": 100.0, "percent_statements_covered_display": "100"}, "missing_lines": [], "excluded_lines": [], "start_line": 38}, "CommandHandler.handle_command": {"executed_lines": [84, 94, 96, 97, 98, 101, 102, 103, 104, 105, 106, 107, 108, 111], "summary": {"covered_lines": 14, "num_statements": 17, "percent_covered": 82.3529411764706, "percent_covered_display": "82", "missing_lines": 3, "excluded_lines": 0, "percent_statements_covered": 82.3529411764706, "percent_statements_covered_display": "82"}, "missing_lines": [117, 118, 128], "excluded_lines": [], "start_line": 69}, "CommandHandler.handle_plan_command": {"executed_lines": [153, 162, 163, 165, 166, 167, 170, 171, 172, 173, 174, 180, 182, 191, 193, 203, 215, 216, 221, 222, 234, 240, 241, 246], "summary": {"covered_lines": 24, "num_statements": 27, "percent_covered": 88.88888888888889, "percent_covered_display": "89", "missing_lines": 3, "excluded_lines": 0, "percent_statements_covered": 88.88888888888889, "percent_statements_covered_display": "89"}, "missing_lines": [205, 228, 235], "excluded_lines": [], "start_line": 134}, "CommandHandler.handle_status_command": {"executed_lines": [266, 271, 273, 281, 282, 285, 292, 293, 294, 295, 297, 309, 310, 327, 328, 333], "summary": {"covered_lines": 16, "num_statements": 17, "percent_covered": 94.11764705882354, "percent_covered_display": "94", "missing_lines": 1, "excluded_lines": 0, "percent_statements_covered": 94.11764705882354, "percent_statements_covered_display": "94"}, "missing_lines": [321], "excluded_lines": [], "start_line": 252}, "CommandHandler.handle_help_command": {"executed_lines": [353, 358, 381], "summary": {"covered_lines": 3, "num_statements": 3, "percent_covered": 100.0, "percent_covered_display": "100", "missing_lines": 0, "excluded_lines": 0, "percent_statements_covered": 100.0, "percent_statements_covered_display": "100"}, "missing_lines": [], "excluded_lines": [], "start_line": 339}, "CommandHandler.handle_config_command": {"executed_lines": [408, 414, 415, 417], "summary": {"covered_lines": 4, "num_statements": 23, "percent_covered": 17.391304347826086, "percent_covered_display": "17", "missing_lines": 19, "excluded_lines": 0, "percent_statements_covered": 17.391304347826086, "percent_statements_covered_display": "17"}, "missing_lines": [419, 420, 422, 423, 424, 429, 431, 432, 433, 438, 440, 441, 442, 447, 449, 450, 451, 456, 459], "excluded_lines": [], "start_line": 389}, "CommandHandler._display_config": {"executed_lines": [467, 469, 474, 475, 478, 479, 480, 482, 484, 485, 486, 487, 489, 503, 510, 511], "summary": {"covered_lines": 16, "num_statements": 20, "percent_covered": 80.0, "percent_covered_display": "80", "missing_lines": 4, "excluded_lines": 0, "percent_statements_covered": 80.0, "percent_statements_covered_display": "80"}, "missing_lines": [525, 531, 532, 537], "excluded_lines": [], "start_line": 465}, "CommandHandler._update_channel": {"executed_lines": [], "summary": {"covered_lines": 0, "num_statements": 9, "percent_covered": 0.0, "percent_covered_display": "0", "missing_lines": 9, "excluded_lines": 0, "percent_statements_covered": 0.0, "percent_statements_covered_display": "0"}, "missing_lines": [545, 546, 554, 555, 556, 575, 581, 582, 583], "excluded_lines": [], "start_line": 543}, "CommandHandler._update_delivery_time": {"executed_lines": [], "summary": {"covered_lines": 0, "num_statements": 11, "percent_covered": 0.0, "percent_covered_display": "0", "missing_lines": 11, "excluded_lines": 0, "percent_statements_covered": 0.0, "percent_statements_covered_display": "0"}, "missing_lines": [591, 592, 593, 599, 600, 608, 609, 628, 634, 635, 636], "excluded_lines": [], "start_line": 589}, "CommandHandler._toggle_notifications": {"executed_lines": [], "summary": {"covered_lines": 0, "num_statements": 13, "percent_covered": 0.0, "percent_covered_display": "0", "missing_lines": 13, "excluded_lines": 0, "percent_statements_covered": 0.0, "percent_statements_covered_display": "0"}, "missing_lines": [644, 645, 646, 652, 654, 655, 663, 664, 665, 684, 690, 691, 692], "excluded_lines": [], "start_line": 642}, "CommandHandler._update_timezone": {"executed_lines": [], "summary": {"covered_lines": 0, "num_statements": 8, "percent_covered": 0.0, "percent_covered_display": "0", "missing_lines": 8, "excluded_lines": 0, "percent_statements_covered": 0.0, "percent_statements_covered_display": "0"}, "missing_lines": [700, 701, 709, 710, 729, 735, 736, 737], "excluded_lines": [], "start_line": 698}, "CommandHandler.close": {"executed_lines": [], "summary": {"covered_lines": 0, "num_statements": 1, "percent_covered": 0.0, "percent_covered_display": "0", "missing_lines": 1, "excluded_lines": 0, "percent_statements_covered": 0.0, "percent_statements_covered_display": "0"}, "missing_lines": [745], "excluded_lines": [], "start_line": 743}, "": {"executed_lines": [15, 16, 17, 18, 20, 21, 22, 25, 28, 38, 69, 134, 252, 339, 389, 465, 543, 589, 642, 698, 743], "summary": {"covered_lines": 21, "num_statements": 21, "percent_covered": 100.0, "percent_covered_display": "100", "missing_lines": 0, "excluded_lines": 0, "percent_statements_covered": 100.0, "percent_statements_covered_display": "100"}, "missing_lines": [], "excluded_lines": [], "start_line": 1}}, "classes": {"CommandHandler": {"executed_lines": [54, 55, 56, 57, 60, 84, 94, 96, 97, 98, 101, 102, 103, 104, 105, 106, 107, 108, 111, 153, 162, 163, 165, 166, 167, 170, 171, 172, 173, 174, 180, 182, 191, 193, 203, 215, 216, 221, 222, 234, 240, 241, 246, 266, 271, 273, 281, 282, 285, 292, 293, 294, 295, 297, 309, 310, 327, 328, 333, 353, 358, 381, 408, 414, 415, 417, 467, 469, 474, 475, 478, 479, 480, 482, 484, 485, 486, 487, 489, 503, 510, 511], "summary": {"covered_lines": 82, "num_statements": 154, "percent_covered": 53.246753246753244, "percent_covered_display": "53", "missing_lines": 72, "excluded_lines": 0, "percent_statements_covered": 53.246753246753244, "percent_statements_covered_display": "53"}, "missing_lines": [117, 118, 128, 205, 228, 235, 321, 419, 420, 422, 423, 424, 429, 431, 432, 433, 438, 440, 441, 442, 447, 449, 450, 451, 456, 459, 525, 531, 532, 537, 545, 546, 554, 555, 556, 575, 581, 582, 583, 591, 592, 593, 599, 600, 608, 609, 628, 634, 635, 636, 644, 645, 646, 652, 654, 655, 663, 664, 665, 684, 690, 691, 692, 700, 701, 709, 710, 729, 735, 736, 737, 745], "excluded_lines": [], "start_line": 28}, "": {"executed_lines": [15, 16, 17, 18, 20, 21, 22, 25, 28, 38, 69, 134, 252, 339, 389, 465, 543, 589, 642, 698, 743], "summary": {"covered_lines": 21, "num_statements": 21, "percent_covered": 100.0, "percent_covered_display": "100", "missing_lines": 0, "excluded_lines": 0, "percent_statements_covered": 100.0, "percent_statements_covered_display": "100"}, "missing_lines": [], "excluded_lines": [], "start_line": 1}}}, "slack_bot/config.py": {"executed_lines": [11, 12, 13, 16, 17, 21, 22, 23, 24, 27, 28, 31, 34, 37, 40, 43, 44, 47, 50, 51, 53, 54, 74], "summary": {"covered_lines": 23, "num_statements": 34, "percent_covered": 67.6470588235294, "percent_covered_display": "68", "missing_lines": 11, "excluded_lines": 0, "percent_statements_covered": 67.6470588235294, "percent_statements_covered_display": "68"}, "missing_lines": [56, 76, 77, 79, 80, 82, 83, 85, 86, 88, 89], "excluded_lines": [], "functions": {"SlackBotConfig.from_env": {"executed_lines": [], "summary": {"covered_lines": 0, "num_statements": 1, "percent_covered": 0.0, "percent_covered_display": "0", "missing_lines": 1, "excluded_lines": 0, "percent_statements_covered": 0.0, "percent_statements_covered_display": "0"}, "missing_lines": [56], "excluded_lines": [], "start_line": 54}, "SlackBotConfig.validate": {"executed_lines": [], "summary": {"covered_lines": 0, "num_statements": 10, "percent_covered": 0.0, "percent_covered_display": "0", "missing_lines": 10, "excluded_lines": 0, "percent_statements_covered": 0.0, "percent_statements_covered_display": "0"}, "missing_lines": [76, 77, 79, 80, 82, 83, 85, 86, 88, 89], "excluded_lines": [], "start_line": 74}, "": {"executed_lines": [11, 12, 13, 16, 17, 21, 22, 23, 24, 27, 28, 31, 34, 37, 40, 43, 44, 47, 50, 51, 53, 54, 74], "summary": {"covered_lines": 23, "num_statements": 23, "percent_covered": 100.0, "percent_covered_display": "100", "missing_lines": 0, "excluded_lines": 0, "percent_statements_covered": 100.0, "percent_statements_covered_display": "100"}, "missing_lines": [], "excluded_lines": [], "start_line": 1}}, "classes": {"SlackBotConfig": {"executed_lines": [], "summary": {"covered_lines": 0, "num_statements": 11, "percent_covered": 0.0, "percent_covered_display": "0", "missing_lines": 11, "excluded_lines": 0, "percent_statements_covered": 0.0, "percent_statements_covered_display": "0"}, "missing_lines": [56, 76, 77, 79, 80, 82, 83, 85, 86, 88, 89], "excluded_lines": [], "start_line": 17}, "": {"executed_lines": [11, 12, 13, 16, 17, 21, 22, 23, 24, 27, 28, 31, 34, 37, 40, 43, 44, 47, 50, 51, 53, 54, 74], "summary": {"covered_lines": 23, "num_statements": 23, "percent_covered": 100.0, "percent_covered_display": "100", "missing_lines": 0, "excluded_lines": 0, "percent_statements_covered": 100.0, "percent_statements_covered_display": "100"}, "missing_lines": [], "excluded_lines": [], "start_line": 1}}}, "slack_bot/config_handler.py": {"executed_lines": [], "summary": {"covered_lines": 0, "num_statements": 101, "percent_covered": 0.0, "percent_covered_display": "0", "missing_lines": 101, "excluded_lines": 0, "percent_statements_covered": 0.0, "percent_statements_covered_display": "0"}, "missing_lines": [15, 16, 17, 19, 20, 21, 24, 27, 37, 49, 50, 52, 54, 69, 74, 75, 77, 79, 83, 85, 87, 88, 92, 98, 115, 121, 122, 126, 132, 134, 136, 138, 145, 148, 153, 154, 156, 161, 167, 168, 172, 178, 195, 201, 202, 206, 212, 214, 216, 218, 225, 228, 233, 234, 236, 241, 247, 248, 252, 258, 275, 280, 282, 284, 286, 293, 296, 301, 302, 304, 309, 310, 316, 317, 321, 327, 342, 347, 349, 351, 353, 360, 363, 368, 369, 371, 376, 382, 383, 387, 393, 400, 452, 457, 467, 468, 470, 515, 520, 537, 557], "excluded_lines": [], "functions": {"ConfigHandler.__init__": {"executed_lines": [], "summary": {"covered_lines": 0, "num_statements": 3, "percent_covered": 0.0, "percent_covered_display": "0", "missing_lines": 3, "excluded_lines": 0, "percent_statements_covered": 0.0, "percent_statements_covered_display": "0"}, "missing_lines": [49, 50, 52], "excluded_lines": [], "start_line": 37}, "ConfigHandler.display_config": {"executed_lines": [], "summary": {"covered_lines": 0, "num_statements": 10, "percent_covered": 0.0, "percent_covered_display": "0", "missing_lines": 10, "excluded_lines": 0, "percent_statements_covered": 0.0, "percent_statements_covered_display": "0"}, "missing_lines": [69, 74, 75, 77, 79, 83, 85, 87, 88, 92], "excluded_lines": [], "start_line": 54}, "ConfigHandler.update_notification_channel": {"executed_lines": [], "summary": {"covered_lines": 0, "num_statements": 17, "percent_covered": 0.0, "percent_covered_display": "0", "missing_lines": 17, "excluded_lines": 0, "percent_statements_covered": 0.0, "percent_statements_covered_display": "0"}, "missing_lines": [115, 121, 122, 126, 132, 134, 136, 138, 145, 148, 153, 154, 156, 161, 167, 168, 172], "excluded_lines": [], "start_line": 98}, "ConfigHandler.update_delivery_time": {"executed_lines": [], "summary": {"covered_lines": 0, "num_statements": 17, "percent_covered": 0.0, "percent_covered_display": "0", "missing_lines": 17, "excluded_lines": 0, "percent_statements_covered": 0.0, "percent_statements_covered_display": "0"}, "missing_lines": [195, 201, 202, 206, 212, 214, 216, 218, 225, 228, 233, 234, 236, 241, 247, 248, 252], "excluded_lines": [], "start_line": 178}, "ConfigHandler.toggle_notifications": {"executed_lines": [], "summary": {"covered_lines": 0, "num_statements": 15, "percent_covered": 0.0, "percent_covered_display": "0", "missing_lines": 15, "excluded_lines": 0, "percent_statements_covered": 0.0, "percent_statements_covered_display": "0"}, "missing_lines": [275, 280, 282, 284, 286, 293, 296, 301, 302, 304, 309, 310, 316, 317, 321], "excluded_lines": [], "start_line": 258}, "ConfigHandler.update_timezone": {"executed_lines": [], "summary": {"covered_lines": 0, "num_statements": 14, "percent_covered": 0.0, "percent_covered_display": "0", "missing_lines": 14, "excluded_lines": 0, "percent_statements_covered": 0.0, "percent_statements_covered_display": "0"}, "missing_lines": [342, 347, 349, 351, 353, 360, 363, 368, 369, 371, 376, 382, 383, 387], "excluded_lines": [], "start_line": 327}, "ConfigHandler._format_no_config_message": {"executed_lines": [], "summary": {"covered_lines": 0, "num_statements": 2, "percent_covered": 0.0, "percent_covered_display": "0", "missing_lines": 2, "excluded_lines": 0, "percent_statements_covered": 0.0, "percent_statements_covered_display": "0"}, "missing_lines": [400, 452], "excluded_lines": [], "start_line": 393}, "ConfigHandler._format_config_display": {"executed_lines": [], "summary": {"covered_lines": 0, "num_statements": 4, "percent_covered": 0.0, "percent_covered_display": "0", "missing_lines": 4, "excluded_lines": 0, "percent_statements_covered": 0.0, "percent_statements_covered_display": "0"}, "missing_lines": [467, 468, 470, 515], "excluded_lines": [], "start_line": 457}, "ConfigHandler._format_update_confirmation": {"executed_lines": [], "summary": {"covered_lines": 0, "num_statements": 2, "percent_covered": 0.0, "percent_covered_display": "0", "missing_lines": 2, "excluded_lines": 0, "percent_statements_covered": 0.0, "percent_statements_covered_display": "0"}, "missing_lines": [537, 557], "excluded_lines": [], "start_line": 520}, "": {"executed_lines": [], "summary": {"covered_lines": 0, "num_statements": 17, "percent_covered": 0.0, "percent_covered_display": "0", "missing_lines": 17, "excluded_lines": 0, "percent_statements_covered": 0.0, "percent_statements_covered_display": "0"}, "missing_lines": [15, 16, 17, 19, 20, 21, 24, 27, 37, 54, 98, 178, 258, 327, 393, 457, 520], "excluded_lines": [], "start_line": 1}}, "classes": {"ConfigHandler": {"executed_lines": [], "summary": {"covered_lines": 0, "num_statements": 84, "percent_covered": 0.0, "percent_covered_display": "0", "missing_lines": 84, "excluded_lines": 0, "percent_statements_covered": 0.0, "percent_statements_covered_display": "0"}, "missing_lines": [49, 50, 52, 69, 74, 75, 77, 79, 83, 85, 87, 88, 92, 115, 121, 122, 126, 132, 134, 136, 138, 145, 148, 153, 154, 156, 161, 167, 168, 172, 195, 201, 202, 206, 212, 214, 216, 218, 225, 228, 233, 234, 236, 241, 247, 248, 252, 275, 280, 282, 284, 286, 293, 296, 301, 302, 304, 309, 310, 316, 317, 321, 342, 347, 349, 351, 353, 360, 363, 368, 369, 371, 376, 382, 383, 387, 400, 452, 467, 468, 470, 515, 537, 557], "excluded_lines": [], "start_line": 27}, "": {"executed_lines": [], "summary": {"covered_lines": 0, "num_statements": 17, "percent_covered": 0.0, "percent_covered_display": "0", "missing_lines": 17, "excluded_lines": 0, "percent_statements_covered": 0.0, "percent_statements_covered_display": "0"}, "missing_lines": [15, 16, 17, 19, 20, 21, 24, 27, 37, 54, 98, 178, 258, 327, 393, 457, 520], "excluded_lines": [], "start_line": 1}}}, "slack_bot/config_storage.py": {"executed_lines": [], "summary": {"covered_lines": 0, "num_statements": 138, "percent_covered": 0.0, "percent_covered_display": "0", "missing_lines": 138, "excluded_lines": 0, "percent_statements_covered": 0.0, "percent_statements_covered_display": "0"}, "missing_lines": [14, 15, 16, 18, 19, 22, 25, 34, 41, 42, 44, 46, 53, 54, 55, 61, 63, 65, 66, 67, 68, 69, 71, 73, 74, 76, 78, 80, 89, 90, 92, 107, 109, 110, 112, 114, 129, 130, 132, 146, 151, 152, 153, 162, 170, 175, 177, 178, 182, 183, 184, 188, 190, 202, 203, 205, 212, 217, 218, 219, 221, 222, 226, 228, 236, 241, 243, 244, 248, 250, 275, 276, 279, 280, 281, 283, 284, 285, 286, 288, 289, 290, 291, 293, 294, 295, 296, 298, 299, 300, 301, 303, 305, 308, 310, 318, 326, 327, 328, 330, 331, 335, 337, 345, 350, 352, 353, 357, 359, 371, 372, 374, 379, 384, 385, 386, 389, 391, 392, 397, 402, 404, 405, 409, 411, 422, 423, 425, 433, 435, 436, 437, 439, 450, 455, 457, 458, 462], "excluded_lines": [], "functions": {"ConfigStorage.__init__": {"executed_lines": [], "summary": {"covered_lines": 0, "num_statements": 3, "percent_covered": 0.0, "percent_covered_display": "0", "missing_lines": 3, "excluded_lines": 0, "percent_statements_covered": 0.0, "percent_statements_covered_display": "0"}, "missing_lines": [41, 42, 44], "excluded_lines": [], "start_line": 34}, "ConfigStorage.connect": {"executed_lines": [], "summary": {"covered_lines": 0, "num_statements": 4, "percent_covered": 0.0, "percent_covered_display": "0", "missing_lines": 4, "excluded_lines": 0, "percent_statements_covered": 0.0, "percent_statements_covered_display": "0"}, "missing_lines": [53, 54, 55, 61], "excluded_lines": [], "start_line": 46}, "ConfigStorage.disconnect": {"executed_lines": [], "summary": {"covered_lines": 0, "num_statements": 5, "percent_covered": 0.0, "percent_covered_display": "0", "missing_lines": 5, "excluded_lines": 0, "percent_statements_covered": 0.0, "percent_statements_covered_display": "0"}, "missing_lines": [65, 66, 67, 68, 69], "excluded_lines": [], "start_line": 63}, "ConfigStorage.__aenter__": {"executed_lines": [], "summary": {"covered_lines": 0, "num_statements": 2, "percent_covered": 0.0, "percent_covered_display": "0", "missing_lines": 2, "excluded_lines": 0, "percent_statements_covered": 0.0, "percent_statements_covered_display": "0"}, "missing_lines": [73, 74], "excluded_lines": [], "start_line": 71}, "ConfigStorage.__aexit__": {"executed_lines": [], "summary": {"covered_lines": 0, "num_statements": 1, "percent_covered": 0.0, "percent_covered_display": "0", "missing_lines": 1, "excluded_lines": 0, "percent_statements_covered": 0.0, "percent_statements_covered_display": "0"}, "missing_lines": [78], "excluded_lines": [], "start_line": 76}, "ConfigStorage.initialize_schema": {"executed_lines": [], "summary": {"covered_lines": 0, "num_statements": 7, "percent_covered": 0.0, "percent_covered_display": "0", "missing_lines": 7, "excluded_lines": 0, "percent_statements_covered": 0.0, "percent_statements_covered_display": "0"}, "missing_lines": [89, 90, 92, 107, 109, 110, 112], "excluded_lines": [], "start_line": 80}, "ConfigStorage.create_config": {"executed_lines": [], "summary": {"covered_lines": 0, "num_statements": 16, "percent_covered": 0.0, "percent_covered_display": "0", "missing_lines": 16, "excluded_lines": 0, "percent_statements_covered": 0.0, "percent_statements_covered_display": "0"}, "missing_lines": [129, 130, 132, 146, 151, 152, 153, 162, 170, 175, 177, 178, 182, 183, 184, 188], "excluded_lines": [], "start_line": 114}, "ConfigStorage.get_config": {"executed_lines": [], "summary": {"covered_lines": 0, "num_statements": 16, "percent_covered": 0.0, "percent_covered_display": "0", "missing_lines": 16, "excluded_lines": 0, "percent_statements_covered": 0.0, "percent_statements_covered_display": "0"}, "missing_lines": [202, 203, 205, 212, 217, 218, 219, 221, 222, 226, 228, 236, 241, 243, 244, 248], "excluded_lines": [], "start_line": 190}, "ConfigStorage.update_config": {"executed_lines": [], "summary": {"covered_lines": 0, "num_statements": 38, "percent_covered": 0.0, "percent_covered_display": "0", "missing_lines": 38, "excluded_lines": 0, "percent_statements_covered": 0.0, "percent_statements_covered_display": "0"}, "missing_lines": [275, 276, 279, 280, 281, 283, 284, 285, 286, 288, 289, 290, 291, 293, 294, 295, 296, 298, 299, 300, 301, 303, 305, 308, 310, 318, 326, 327, 328, 330, 331, 335, 337, 345, 350, 352, 353, 357], "excluded_lines": [], "start_line": 250}, "ConfigStorage.delete_config": {"executed_lines": [], "summary": {"covered_lines": 0, "num_statements": 15, "percent_covered": 0.0, "percent_covered_display": "0", "missing_lines": 15, "excluded_lines": 0, "percent_statements_covered": 0.0, "percent_statements_covered_display": "0"}, "missing_lines": [371, 372, 374, 379, 384, 385, 386, 389, 391, 392, 397, 402, 404, 405, 409], "excluded_lines": [], "start_line": 359}, "ConfigStorage.list_configs_with_notifications_enabled": {"executed_lines": [], "summary": {"covered_lines": 0, "num_statements": 13, "percent_covered": 0.0, "percent_covered_display": "0", "missing_lines": 13, "excluded_lines": 0, "percent_statements_covered": 0.0, "percent_statements_covered_display": "0"}, "missing_lines": [422, 423, 425, 433, 435, 436, 437, 439, 450, 455, 457, 458, 462], "excluded_lines": [], "start_line": 411}, "": {"executed_lines": [], "summary": {"covered_lines": 0, "num_statements": 18, "percent_covered": 0.0, "percent_covered_display": "0", "missing_lines": 18, "excluded_lines": 0, "percent_statements_covered": 0.0, "percent_statements_covered_display": "0"}, "missing_lines": [14, 15, 16, 18, 19, 22, 25, 34, 46, 63, 71, 76, 80, 114, 190, 250, 359, 411], "excluded_lines": [], "start_line": 1}}, "classes": {"ConfigStorage": {"executed_lines": [], "summary": {"covered_lines": 0, "num_statements": 120, "percent_covered": 0.0, "percent_covered_display": "0", "missing_lines": 120, "excluded_lines": 0, "percent_statements_covered": 0.0, "percent_statements_covered_display": "0"}, "missing_lines": [41, 42, 44, 53, 54, 55, 61, 65, 66, 67, 68, 69, 73, 74, 78, 89, 90, 92, 107, 109, 110, 112, 129, 130, 132, 146, 151, 152, 153, 162, 170, 175, 177, 178, 182, 183, 184, 188, 202, 203, 205, 212, 217, 218, 219, 221, 222, 226, 228, 236, 241, 243, 244, 248, 275, 276, 279, 280, 281, 283, 284, 285, 286, 288, 289, 290, 291, 293, 294, 295, 296, 298, 299, 300, 301, 303, 305, 308, 310, 318, 326, 327, 328, 330, 331, 335, 337, 345, 350, 352, 353, 357, 371, 372, 374, 379, 384, 385, 386, 389, 391, 392, 397, 402, 404, 405, 409, 422, 423, 425, 433, 435, 436, 437, 439, 450, 455, 457, 458, 462], "excluded_lines": [], "start_line": 25}, "": {"executed_lines": [], "summary": {"covered_lines": 0, "num_statements": 18, "percent_covered": 0.0, "percent_covered_display": "0", "missing_lines": 18, "excluded_lines": 0, "percent_statements_covered": 0.0, "percent_statements_covered_display": "0"}, "missing_lines": [14, 15, 16, 18, 19, 22, 25, 34, 46, 63, 71, 76, 80, 114, 190, 250, 359, 411], "excluded_lines": [], "start_line": 1}}}, "slack_bot/data_isolation.py": {"executed_lines": [], "summary": {"covered_lines": 0, "num_statements": 66, "percent_covered": 0.0, "percent_covered_display": "0", "missing_lines": 66, "excluded_lines": 0, "percent_statements_covered": 0.0, "percent_statements_covered_display": "0"}, "missing_lines": [15, 16, 17, 20, 23, 30, 33, 43, 45, 47, 68, 69, 79, 84, 92, 111, 112, 120, 125, 133, 155, 160, 161, 171, 179, 181, 198, 199, 200, 204, 206, 212, 229, 235, 252, 253, 254, 258, 260, 266, 281, 283, 295, 297, 320, 321, 323, 337, 347, 348, 364, 365, 367, 372, 374, 375, 391, 392, 394, 399, 401, 402, 421, 425, 426, 434], "excluded_lines": [], "functions": {"DataIsolationChecker.__init__": {"executed_lines": [], "summary": {"covered_lines": 0, "num_statements": 1, "percent_covered": 0.0, "percent_covered_display": "0", "missing_lines": 1, "excluded_lines": 0, "percent_statements_covered": 0.0, "percent_statements_covered_display": "0"}, "missing_lines": [45], "excluded_lines": [], "start_line": 43}, "DataIsolationChecker.verify_user_access": {"executed_lines": [], "summary": {"covered_lines": 0, "num_statements": 4, "percent_covered": 0.0, "percent_covered_display": "0", "missing_lines": 4, "excluded_lines": 0, "percent_statements_covered": 0.0, "percent_statements_covered_display": "0"}, "missing_lines": [68, 69, 79, 84], "excluded_lines": [], "start_line": 47}, "DataIsolationChecker.verify_workspace_isolation": {"executed_lines": [], "summary": {"covered_lines": 0, "num_statements": 4, "percent_covered": 0.0, "percent_covered_display": "0", "missing_lines": 4, "excluded_lines": 0, "percent_statements_covered": 0.0, "percent_statements_covered_display": "0"}, "missing_lines": [111, 112, 120, 125], "excluded_lines": [], "start_line": 92}, "DataIsolationChecker.filter_user_data": {"executed_lines": [], "summary": {"covered_lines": 0, "num_statements": 5, "percent_covered": 0.0, "percent_covered_display": "0", "missing_lines": 5, "excluded_lines": 0, "percent_statements_covered": 0.0, "percent_statements_covered_display": "0"}, "missing_lines": [155, 160, 161, 171, 179], "excluded_lines": [], "start_line": 133}, "DataIsolationChecker.verify_plan_access": {"executed_lines": [], "summary": {"covered_lines": 0, "num_statements": 5, "percent_covered": 0.0, "percent_covered_display": "0", "missing_lines": 5, "excluded_lines": 0, "percent_statements_covered": 0.0, "percent_statements_covered_display": "0"}, "missing_lines": [198, 199, 200, 204, 206], "excluded_lines": [], "start_line": 181}, "DataIsolationChecker.verify_config_access": {"executed_lines": [], "summary": {"covered_lines": 0, "num_statements": 1, "percent_covered": 0.0, "percent_covered_display": "0", "missing_lines": 1, "excluded_lines": 0, "percent_statements_covered": 0.0, "percent_statements_covered_display": "0"}, "missing_lines": [229], "excluded_lines": [], "start_line": 212}, "DataIsolationChecker.verify_task_access": {"executed_lines": [], "summary": {"covered_lines": 0, "num_statements": 5, "percent_covered": 0.0, "percent_covered_display": "0", "missing_lines": 5, "excluded_lines": 0, "percent_statements_covered": 0.0, "percent_statements_covered_display": "0"}, "missing_lines": [252, 253, 254, 258, 260], "excluded_lines": [], "start_line": 235}, "DataIsolationChecker.create_user_filter": {"executed_lines": [], "summary": {"covered_lines": 0, "num_statements": 1, "percent_covered": 0.0, "percent_covered_display": "0", "missing_lines": 1, "excluded_lines": 0, "percent_statements_covered": 0.0, "percent_statements_covered_display": "0"}, "missing_lines": [281], "excluded_lines": [], "start_line": 266}, "DataIsolationChecker.create_workspace_filter": {"executed_lines": [], "summary": {"covered_lines": 0, "num_statements": 1, "percent_covered": 0.0, "percent_covered_display": "0", "missing_lines": 1, "excluded_lines": 0, "percent_statements_covered": 0.0, "percent_statements_covered_display": "0"}, "missing_lines": [295], "excluded_lines": [], "start_line": 283}, "DataIsolationChecker.audit_access": {"executed_lines": [], "summary": {"covered_lines": 0, "num_statements": 3, "percent_covered": 0.0, "percent_covered_display": "0", "missing_lines": 3, "excluded_lines": 0, "percent_statements_covered": 0.0, "percent_statements_covered_display": "0"}, "missing_lines": [320, 321, 323], "excluded_lines": [], "start_line": 297}, "QueryFilter.add_user_filter": {"executed_lines": [], "summary": {"covered_lines": 0, "num_statements": 4, "percent_covered": 0.0, "percent_covered_display": "0", "missing_lines": 4, "excluded_lines": 0, "percent_statements_covered": 0.0, "percent_statements_covered_display": "0"}, "missing_lines": [364, 365, 367, 372], "excluded_lines": [], "start_line": 348}, "QueryFilter.add_workspace_filter": {"executed_lines": [], "summary": {"covered_lines": 0, "num_statements": 4, "percent_covered": 0.0, "percent_covered_display": "0", "missing_lines": 4, "excluded_lines": 0, "percent_statements_covered": 0.0, "percent_statements_covered_display": "0"}, "missing_lines": [391, 392, 394, 399], "excluded_lines": [], "start_line": 375}, "QueryFilter.verify_query_has_user_filter": {"executed_lines": [], "summary": {"covered_lines": 0, "num_statements": 4, "percent_covered": 0.0, "percent_covered_display": "0", "missing_lines": 4, "excluded_lines": 0, "percent_statements_covered": 0.0, "percent_statements_covered_display": "0"}, "missing_lines": [421, 425, 426, 434], "excluded_lines": [], "start_line": 402}, "": {"executed_lines": [], "summary": {"covered_lines": 0, "num_statements": 24, "percent_covered": 0.0, "percent_covered_display": "0", "missing_lines": 24, "excluded_lines": 0, "percent_statements_covered": 0.0, "percent_statements_covered_display": "0"}, "missing_lines": [15, 16, 17, 20, 23, 30, 33, 43, 47, 92, 133, 181, 212, 235, 266, 283, 297, 337, 347, 348, 374, 375, 401, 402], "excluded_lines": [], "start_line": 1}}, "classes": {"DataIsolationError": {"executed_lines": [], "summary": {"covered_lines": 0, "num_statements": 0, "percent_covered": 100.0, "percent_covered_display": "100", "missing_lines": 0, "excluded_lines": 0, "percent_statements_covered": 100.0, "percent_statements_covered_display": "100"}, "missing_lines": [], "excluded_lines": [], "start_line": 23}, "DataIsolationChecker": {"executed_lines": [], "summary": {"covered_lines": 0, "num_statements": 30, "percent_covered": 0.0, "percent_covered_display": "0", "missing_lines": 30, "excluded_lines": 0, "percent_statements_covered": 0.0, "percent_statements_covered_display": "0"}, "missing_lines": [45, 68, 69, 79, 84, 111, 112, 120, 125, 155, 160, 161, 171, 179, 198, 199, 200, 204, 206, 229, 252, 253, 254, 258, 260, 281, 295, 320, 321, 323], "excluded_lines": [], "start_line": 33}, "QueryFilter": {"executed_lines": [], "summary": {"covered_lines": 0, "num_statements": 12, "percent_covered": 0.0, "percent_covered_display": "0", "missing_lines": 12, "excluded_lines": 0, "percent_statements_covered": 0.0, "percent_statements_covered_display": "0"}, "missing_lines": [364, 365, 367, 372, 391, 392, 394, 399, 421, 425, 426, 434], "excluded_lines": [], "start_line": 337}, "": {"executed_lines": [], "summary": {"covered_lines": 0, "num_statements": 24, "percent_covered": 0.0, "percent_covered_display": "0", "missing_lines": 24, "excluded_lines": 0, "percent_statements_covered": 0.0, "percent_statements_covered_display": "0"}, "missing_lines": [15, 16, 17, 20, 23, 30, 33, 43, 47, 92, 133, 181, 212, 235, 266, 283, 297, 337, 347, 348, 374, 375, 401, 402], "excluded_lines": [], "start_line": 1}}}, "slack_bot/error_handler.py": {"executed_lines": [], "summary": {"covered_lines": 0, "num_statements": 56, "percent_covered": 0.0, "percent_covered_display": "0", "missing_lines": 56, "excluded_lines": 0, "percent_statements_covered": 0.0, "percent_statements_covered_display": "0"}, "missing_lines": [14, 15, 16, 17, 18, 19, 20, 23, 26, 36, 43, 44, 46, 63, 74, 75, 81, 82, 88, 89, 95, 96, 102, 103, 110, 116, 133, 144, 145, 146, 148, 149, 155, 156, 162, 163, 169, 170, 177, 183, 200, 205, 211, 228, 233, 239, 256, 266, 272, 284, 285, 287, 289, 298, 305, 315], "excluded_lines": [], "functions": {"ErrorHandler.__init__": {"executed_lines": [], "summary": {"covered_lines": 0, "num_statements": 2, "percent_covered": 0.0, "percent_covered_display": "0", "missing_lines": 2, "excluded_lines": 0, "percent_statements_covered": 0.0, "percent_statements_covered_display": "0"}, "missing_lines": [43, 44], "excluded_lines": [], "start_line": 36}, "ErrorHandler.handle_triage_api_error": {"executed_lines": [], "summary": {"covered_lines": 0, "num_statements": 12, "percent_covered": 0.0, "percent_covered_display": "0", "missing_lines": 12, "excluded_lines": 0, "percent_statements_covered": 0.0, "percent_statements_covered_display": "0"}, "missing_lines": [63, 74, 75, 81, 82, 88, 89, 95, 96, 102, 103, 110], "excluded_lines": [], "start_line": 46}, "ErrorHandler.handle_slack_api_error": {"executed_lines": [], "summary": {"covered_lines": 0, "num_statements": 13, "percent_covered": 0.0, "percent_covered_display": "0", "missing_lines": 13, "excluded_lines": 0, "percent_statements_covered": 0.0, "percent_statements_covered_display": "0"}, "missing_lines": [133, 144, 145, 146, 148, 149, 155, 156, 162, 163, 169, 170, 177], "excluded_lines": [], "start_line": 116}, "ErrorHandler.handle_validation_error": {"executed_lines": [], "summary": {"covered_lines": 0, "num_statements": 2, "percent_covered": 0.0, "percent_covered_display": "0", "missing_lines": 2, "excluded_lines": 0, "percent_statements_covered": 0.0, "percent_statements_covered_display": "0"}, "missing_lines": [200, 205], "excluded_lines": [], "start_line": 183}, "ErrorHandler.handle_configuration_error": {"executed_lines": [], "summary": {"covered_lines": 0, "num_statements": 2, "percent_covered": 0.0, "percent_covered_display": "0", "missing_lines": 2, "excluded_lines": 0, "percent_statements_covered": 0.0, "percent_statements_covered_display": "0"}, "missing_lines": [228, 233], "excluded_lines": [], "start_line": 211}, "ErrorHandler.handle_generic_error": {"executed_lines": [], "summary": {"covered_lines": 0, "num_statements": 2, "percent_covered": 0.0, "percent_covered_display": "0", "missing_lines": 2, "excluded_lines": 0, "percent_statements_covered": 0.0, "percent_statements_covered_display": "0"}, "missing_lines": [256, 266], "excluded_lines": [], "start_line": 239}, "ErrorHandler.get_command_help_message": {"executed_lines": [], "summary": {"covered_lines": 0, "num_statements": 5, "percent_covered": 0.0, "percent_covered_display": "0", "missing_lines": 5, "excluded_lines": 0, "percent_statements_covered": 0.0, "percent_statements_covered_display": "0"}, "missing_lines": [284, 285, 287, 289, 298], "excluded_lines": [], "start_line": 272}, "create_error_handler": {"executed_lines": [], "summary": {"covered_lines": 0, "num_statements": 1, "percent_covered": 0.0, "percent_covered_display": "0", "missing_lines": 1, "excluded_lines": 0, "percent_statements_covered": 0.0, "percent_statements_covered_display": "0"}, "missing_lines": [315], "excluded_lines": [], "start_line": 305}, "": {"executed_lines": [], "summary": {"covered_lines": 0, "num_statements": 17, "percent_covered": 0.0, "percent_covered_display": "0", "missing_lines": 17, "excluded_lines": 0, "percent_statements_covered": 0.0, "percent_statements_covered_display": "0"}, "missing_lines": [14, 15, 16, 17, 18, 19, 20, 23, 26, 36, 46, 116, 183, 211, 239, 272, 305], "excluded_lines": [], "start_line": 1}}, "classes": {"ErrorHandler": {"executed_lines": [], "summary": {"covered_lines": 0, "num_statements": 38, "percent_covered": 0.0, "percent_covered_display": "0", "missing_lines": 38, "excluded_lines": 0, "percent_statements_covered": 0.0, "percent_statements_covered_display": "0"}, "missing_lines": [43, 44, 63, 74, 75, 81, 82, 88, 89, 95, 96, 102, 103, 110, 133, 144, 145, 146, 148, 149, 155, 156, 162, 163, 169, 170, 177, 200, 205, 228, 233, 256, 266, 284, 285, 287, 289, 298], "excluded_lines": [], "start_line": 26}, "": {"executed_lines": [], "summary": {"covered_lines": 0, "num_statements": 18, "percent_covered": 0.0, "percent_covered_display": "0", "missing_lines": 18, "excluded_lines": 0, "percent_statements_covered": 0.0, "percent_statements_covered_display": "0"}, "missing_lines": [14, 15, 16, 17, 18, 19, 20, 23, 26, 36, 46, 116, 183, 211, 239, 272, 305, 315], "excluded_lines": [], "start_line": 1}}}, "slack_bot/event_processor.py": {"executed_lines": [], "summary": {"covered_lines": 0, "num_statements": 115, "percent_covered": 0.0, "percent_covered_display": "0", "missing_lines": 115, "excluded_lines": 0, "percent_statements_covered": 0.0, "percent_statements_covered_display": "0"}, "missing_lines": [14, 15, 16, 17, 19, 20, 23, 26, 27, 29, 30, 31, 32, 33, 36, 46, 53, 54, 55, 56, 57, 59, 63, 75, 76, 81, 93, 94, 100, 106, 107, 108, 110, 113, 114, 115, 117, 121, 125, 126, 128, 131, 134, 135, 138, 140, 142, 144, 151, 153, 154, 156, 162, 165, 167, 169, 170, 172, 173, 174, 175, 180, 182, 190, 192, 194, 196, 197, 202, 205, 207, 209, 210, 217, 225, 226, 227, 236, 246, 253, 254, 256, 268, 270, 282, 284, 286, 288, 290, 294, 307, 313, 315, 323, 336, 342, 344, 351, 363, 380, 382, 383, 385, 391, 393, 395, 396, 402, 409, 414, 421, 422, 423, 430, 437], "excluded_lines": [], "functions": {"EventQueue.__init__": {"executed_lines": [], "summary": {"covered_lines": 0, "num_statements": 6, "percent_covered": 0.0, "percent_covered_display": "0", "missing_lines": 6, "excluded_lines": 0, "percent_statements_covered": 0.0, "percent_statements_covered_display": "0"}, "missing_lines": [53, 54, 55, 56, 57, 59], "excluded_lines": [], "start_line": 46}, "EventQueue.register_handler": {"executed_lines": [], "summary": {"covered_lines": 0, "num_statements": 2, "percent_covered": 0.0, "percent_covered_display": "0", "missing_lines": 2, "excluded_lines": 0, "percent_statements_covered": 0.0, "percent_statements_covered_display": "0"}, "missing_lines": [75, 76], "excluded_lines": [], "start_line": 63}, "EventQueue.enqueue": {"executed_lines": [], "summary": {"covered_lines": 0, "num_statements": 2, "percent_covered": 0.0, "percent_covered_display": "0", "missing_lines": 2, "excluded_lines": 0, "percent_statements_covered": 0.0, "percent_statements_covered_display": "0"}, "missing_lines": [93, 94], "excluded_lines": [], "start_line": 81}, "EventQueue.start": {"executed_lines": [], "summary": {"covered_lines": 0, "num_statements": 8, "percent_covered": 0.0, "percent_covered_display": "0", "missing_lines": 8, "excluded_lines": 0, "percent_statements_covered": 0.0, "percent_statements_covered_display": "0"}, "missing_lines": [106, 107, 108, 110, 113, 114, 115, 117], "excluded_lines": [], "start_line": 100}, "EventQueue.stop": {"executed_lines": [], "summary": {"covered_lines": 0, "num_statements": 9, "percent_covered": 0.0, "percent_covered_display": "0", "missing_lines": 9, "excluded_lines": 0, "percent_statements_covered": 0.0, "percent_statements_covered_display": "0"}, "missing_lines": [125, 126, 128, 131, 134, 135, 138, 140, 142], "excluded_lines": [], "start_line": 121}, "EventQueue._worker": {"executed_lines": [], "summary": {"covered_lines": 0, "num_statements": 14, "percent_covered": 0.0, "percent_covered_display": "0", "missing_lines": 14, "excluded_lines": 0, "percent_statements_covered": 0.0, "percent_statements_covered_display": "0"}, "missing_lines": [151, 153, 154, 156, 162, 165, 167, 169, 170, 172, 173, 174, 175, 180], "excluded_lines": [], "start_line": 144}, "EventQueue._process_event": {"executed_lines": [], "summary": {"covered_lines": 0, "num_statements": 14, "percent_covered": 0.0, "percent_covered_display": "0", "missing_lines": 14, "excluded_lines": 0, "percent_statements_covered": 0.0, "percent_statements_covered_display": "0"}, "missing_lines": [190, 192, 194, 196, 197, 202, 205, 207, 209, 210, 217, 225, 226, 227], "excluded_lines": [], "start_line": 182}, "AsyncEventProcessor.__init__": {"executed_lines": [], "summary": {"covered_lines": 0, "num_statements": 2, "percent_covered": 0.0, "percent_covered_display": "0", "missing_lines": 2, "excluded_lines": 0, "percent_statements_covered": 0.0, "percent_statements_covered_display": "0"}, "missing_lines": [253, 254], "excluded_lines": [], "start_line": 246}, "AsyncEventProcessor.register_handler": {"executed_lines": [], "summary": {"covered_lines": 0, "num_statements": 1, "percent_covered": 0.0, "percent_covered_display": "0", "missing_lines": 1, "excluded_lines": 0, "percent_statements_covered": 0.0, "percent_statements_covered_display": "0"}, "missing_lines": [268], "excluded_lines": [], "start_line": 256}, "AsyncEventProcessor.process_async": {"executed_lines": [], "summary": {"covered_lines": 0, "num_statements": 1, "percent_covered": 0.0, "percent_covered_display": "0", "missing_lines": 1, "excluded_lines": 0, "percent_statements_covered": 0.0, "percent_statements_covered_display": "0"}, "missing_lines": [282], "excluded_lines": [], "start_line": 270}, "AsyncEventProcessor.start": {"executed_lines": [], "summary": {"covered_lines": 0, "num_statements": 1, "percent_covered": 0.0, "percent_covered_display": "0", "missing_lines": 1, "excluded_lines": 0, "percent_statements_covered": 0.0, "percent_statements_covered_display": "0"}, "missing_lines": [286], "excluded_lines": [], "start_line": 284}, "AsyncEventProcessor.stop": {"executed_lines": [], "summary": {"covered_lines": 0, "num_statements": 1, "percent_covered": 0.0, "percent_covered_display": "0", "missing_lines": 1, "excluded_lines": 0, "percent_statements_covered": 0.0, "percent_statements_covered_display": "0"}, "missing_lines": [290], "excluded_lines": [], "start_line": 288}, "example_slash_command_handler": {"executed_lines": [], "summary": {"covered_lines": 0, "num_statements": 3, "percent_covered": 0.0, "percent_covered_display": "0", "missing_lines": 3, "excluded_lines": 0, "percent_statements_covered": 0.0, "percent_statements_covered_display": "0"}, "missing_lines": [307, 313, 315], "excluded_lines": [], "start_line": 294}, "example_block_action_handler": {"executed_lines": [], "summary": {"covered_lines": 0, "num_statements": 3, "percent_covered": 0.0, "percent_covered_display": "0", "missing_lines": 3, "excluded_lines": 0, "percent_statements_covered": 0.0, "percent_statements_covered_display": "0"}, "missing_lines": [336, 342, 344], "excluded_lines": [], "start_line": 323}, "create_uninstall_handler": {"executed_lines": [], "summary": {"covered_lines": 0, "num_statements": 2, "percent_covered": 0.0, "percent_covered_display": "0", "missing_lines": 2, "excluded_lines": 0, "percent_statements_covered": 0.0, "percent_statements_covered_display": "0"}, "missing_lines": [363, 437], "excluded_lines": [], "start_line": 351}, "create_uninstall_handler.handle_app_uninstall": {"executed_lines": [], "summary": {"covered_lines": 0, "num_statements": 15, "percent_covered": 0.0, "percent_covered_display": "0", "missing_lines": 15, "excluded_lines": 0, "percent_statements_covered": 0.0, "percent_statements_covered_display": "0"}, "missing_lines": [380, 382, 383, 385, 391, 393, 395, 396, 402, 409, 414, 421, 422, 423, 430], "excluded_lines": [], "start_line": 363}, "": {"executed_lines": [], "summary": {"covered_lines": 0, "num_statements": 31, "percent_covered": 0.0, "percent_covered_display": "0", "missing_lines": 31, "excluded_lines": 0, "percent_statements_covered": 0.0, "percent_statements_covered_display": "0"}, "missing_lines": [14, 15, 16, 17, 19, 20, 23, 26, 27, 29, 30, 31, 32, 33, 36, 46, 63, 81, 100, 121, 144, 182, 236, 246, 256, 270, 284, 288, 294, 323, 351], "excluded_lines": [], "start_line": 1}}, "classes": {"ProcessingResult": {"executed_lines": [], "summary": {"covered_lines": 0, "num_statements": 0, "percent_covered": 100.0, "percent_covered_display": "100", "missing_lines": 0, "excluded_lines": 0, "percent_statements_covered": 100.0, "percent_statements_covered_display": "100"}, "missing_lines": [], "excluded_lines": [], "start_line": 27}, "EventQueue": {"executed_lines": [], "summary": {"covered_lines": 0, "num_statements": 55, "percent_covered": 0.0, "percent_covered_display": "0", "missing_lines": 55, "excluded_lines": 0, "percent_statements_covered": 0.0, "percent_statements_covered_display": "0"}, "missing_lines": [53, 54, 55, 56, 57, 59, 75, 76, 93, 94, 106, 107, 108, 110, 113, 114, 115, 117, 125, 126, 128, 131, 134, 135, 138, 140, 142, 151, 153, 154, 156, 162, 165, 167, 169, 170, 172, 173, 174, 175, 180, 190, 192, 194, 196, 197, 202, 205, 207, 209, 210, 217, 225, 226, 227], "excluded_lines": [], "start_line": 36}, "AsyncEventProcessor": {"executed_lines": [], "summary": {"covered_lines": 0, "num_statements": 6, "percent_covered": 0.0, "percent_covered_display": "0", "missing_lines": 6, "excluded_lines": 0, "percent_statements_covered": 0.0, "percent_statements_covered_display": "0"}, "missing_lines": [253, 254, 268, 282, 286, 290], "excluded_lines": [], "start_line": 236}, "": {"executed_lines": [], "summary": {"covered_lines": 0, "num_statements": 54, "percent_covered": 0.0, "percent_covered_display": "0", "missing_lines": 54, "excluded_lines": 0, "percent_statements_covered": 0.0, "percent_statements_covered_display": "0"}, "missing_lines": [14, 15, 16, 17, 19, 20, 23, 26, 27, 29, 30, 31, 32, 33, 36, 46, 63, 81, 100, 121, 144, 182, 236, 246, 256, 270, 284, 288, 294, 307, 313, 315, 323, 336, 342, 344, 351, 363, 380, 382, 383, 385, 391, 393, 395, 396, 402, 409, 414, 421, 422, 423, 430, 437], "excluded_lines": [], "start_line": 1}}}, "slack_bot/interaction_handler.py": {"executed_lines": [15, 16, 18, 19, 20, 23, 26, 36, 52, 53, 54, 55, 58, 68, 77, 88, 98, 100, 101, 102, 103, 104, 105, 136, 148, 150, 158, 160, 168, 170, 176, 182, 184, 189, 194, 196, 201, 208, 213, 236, 248, 250, 258, 260, 268, 270, 276, 284, 297, 301, 313, 327, 332, 355, 367, 369, 378, 399, 405, 478, 496, 504, 505, 515, 516, 533, 551, 552, 555, 565, 572, 587, 592, 593, 599, 600, 602, 607, 608, 609, 628, 642, 647, 648, 658, 659, 676], "summary": {"covered_lines": 87, "num_statements": 131, "percent_covered": 66.41221374045801, "percent_covered_display": "66", "missing_lines": 44, "excluded_lines": 0, "percent_statements_covered": 66.41221374045801, "percent_statements_covered_display": "66"}, "missing_lines": [106, 107, 109, 114, 115, 125, 130, 219, 220, 225, 230, 303, 308, 315, 320, 338, 339, 344, 349, 414, 422, 424, 433, 435, 444, 450, 455, 461, 462, 467, 472, 517, 526, 527, 611, 618, 620, 621, 626, 660, 669, 670, 678, 679], "excluded_lines": [], "functions": {"InteractionHandler.__init__": {"executed_lines": [52, 53, 54, 55, 58, 68], "summary": {"covered_lines": 6, "num_statements": 6, "percent_covered": 100.0, "percent_covered_display": "100", "missing_lines": 0, "excluded_lines": 0, "percent_statements_covered": 100.0, "percent_statements_covered_display": "100"}, "missing_lines": [], "excluded_lines": [], "start_line": 36}, "InteractionHandler.handle_action": {"executed_lines": [88, 98, 100, 101, 102, 103, 104, 105], "summary": {"covered_lines": 8, "num_statements": 15, "percent_covered": 53.333333333333336, "percent_covered_display": "53", "missing_lines": 7, "excluded_lines": 0, "percent_statements_covered": 53.333333333333336, "percent_statements_covered_display": "53"}, "missing_lines": [106, 107, 109, 114, 115, 125, 130], "excluded_lines": [], "start_line": 77}, "InteractionHandler.handle_approve": {"executed_lines": [148, 150, 158, 160, 168, 170, 176, 182, 184, 189, 194, 196, 201, 208, 213], "summary": {"covered_lines": 15, "num_statements": 19, "percent_covered": 78.94736842105263, "percent_covered_display": "79", "missing_lines": 4, "excluded_lines": 0, "percent_statements_covered": 78.94736842105263, "percent_statements_covered_display": "79"}, "missing_lines": [219, 220, 225, 230], "excluded_lines": [], "start_line": 136}, "InteractionHandler.handle_reject": {"executed_lines": [248, 250, 258, 260, 268, 270, 276, 284, 297, 301, 313, 327, 332], "summary": {"covered_lines": 13, "num_statements": 21, "percent_covered": 61.904761904761905, "percent_covered_display": "62", "missing_lines": 8, "excluded_lines": 0, "percent_statements_covered": 61.904761904761905, "percent_statements_covered_display": "62"}, "missing_lines": [303, 308, 315, 320, 338, 339, 344, 349], "excluded_lines": [], "start_line": 236}, "InteractionHandler.handle_modify": {"executed_lines": [367, 369, 378, 399], "summary": {"covered_lines": 4, "num_statements": 4, "percent_covered": 100.0, "percent_covered_display": "100", "missing_lines": 0, "excluded_lines": 0, "percent_statements_covered": 100.0, "percent_statements_covered_display": "100"}, "missing_lines": [], "excluded_lines": [], "start_line": 355}, "InteractionHandler.handle_replan_blocking": {"executed_lines": [], "summary": {"covered_lines": 0, "num_statements": 12, "percent_covered": 0.0, "percent_covered_display": "0", "missing_lines": 12, "excluded_lines": 0, "percent_statements_covered": 0.0, "percent_statements_covered_display": "0"}, "missing_lines": [414, 422, 424, 433, 435, 444, 450, 455, 461, 462, 467, 472], "excluded_lines": [], "start_line": 405}, "InteractionHandler.update_message": {"executed_lines": [496, 504, 505, 515, 516], "summary": {"covered_lines": 5, "num_statements": 8, "percent_covered": 62.5, "percent_covered_display": "62", "missing_lines": 3, "excluded_lines": 0, "percent_statements_covered": 62.5, "percent_statements_covered_display": "62"}, "missing_lines": [517, 526, 527], "excluded_lines": [], "start_line": 478}, "InteractionHandler.update_message_with_approval_status": {"executed_lines": [551, 552, 555, 565], "summary": {"covered_lines": 4, "num_statements": 4, "percent_covered": 100.0, "percent_covered_display": "100", "missing_lines": 0, "excluded_lines": 0, "percent_statements_covered": 100.0, "percent_statements_covered_display": "100"}, "missing_lines": [], "excluded_lines": [], "start_line": 533}, "InteractionHandler.send_message": {"executed_lines": [587, 592, 593, 599, 600, 602, 607, 608, 609], "summary": {"covered_lines": 9, "num_statements": 14, "percent_covered": 64.28571428571429, "percent_covered_display": "64", "missing_lines": 5, "excluded_lines": 0, "percent_statements_covered": 64.28571428571429, "percent_statements_covered_display": "64"}, "missing_lines": [611, 618, 620, 621, 626], "excluded_lines": [], "start_line": 572}, "InteractionHandler.send_ephemeral_message": {"executed_lines": [642, 647, 648, 658, 659], "summary": {"covered_lines": 5, "num_statements": 8, "percent_covered": 62.5, "percent_covered_display": "62", "missing_lines": 3, "excluded_lines": 0, "percent_statements_covered": 62.5, "percent_statements_covered_display": "62"}, "missing_lines": [660, 669, 670], "excluded_lines": [], "start_line": 628}, "InteractionHandler.close": {"executed_lines": [], "summary": {"covered_lines": 0, "num_statements": 2, "percent_covered": 0.0, "percent_covered_display": "0", "missing_lines": 2, "excluded_lines": 0, "percent_statements_covered": 0.0, "percent_statements_covered_display": "0"}, "missing_lines": [678, 679], "excluded_lines": [], "start_line": 676}, "": {"executed_lines": [15, 16, 18, 19, 20, 23, 26, 36, 77, 136, 236, 355, 405, 478, 533, 572, 628, 676], "summary": {"covered_lines": 18, "num_statements": 18, "percent_covered": 100.0, "percent_covered_display": "100", "missing_lines": 0, "excluded_lines": 0, "percent_statements_covered": 100.0, "percent_statements_covered_display": "100"}, "missing_lines": [], "excluded_lines": [], "start_line": 1}}, "classes": {"InteractionHandler": {"executed_lines": [52, 53, 54, 55, 58, 68, 88, 98, 100, 101, 102, 103, 104, 105, 148, 150, 158, 160, 168, 170, 176, 182, 184, 189, 194, 196, 201, 208, 213, 248, 250, 258, 260, 268, 270, 276, 284, 297, 301, 313, 327, 332, 367, 369, 378, 399, 496, 504, 505, 515, 516, 551, 552, 555, 565, 587, 592, 593, 599, 600, 602, 607, 608, 609, 642, 647, 648, 658, 659], "summary": {"covered_lines": 69, "num_statements": 113, "percent_covered": 61.06194690265487, "percent_covered_display": "61", "missing_lines": 44, "excluded_lines": 0, "percent_statements_covered": 61.06194690265487, "percent_statements_covered_display": "61"}, "missing_lines": [106, 107, 109, 114, 115, 125, 130, 219, 220, 225, 230, 303, 308, 315, 320, 338, 339, 344, 349, 414, 422, 424, 433, 435, 444, 450, 455, 461, 462, 467, 472, 517, 526, 527, 611, 618, 620, 621, 626, 660, 669, 670, 678, 679], "excluded_lines": [], "start_line": 26}, "": {"executed_lines": [15, 16, 18, 19, 20, 23, 26, 36, 77, 136, 236, 355, 405, 478, 533, 572, 628, 676], "summary": {"covered_lines": 18, "num_statements": 18, "percent_covered": 100.0, "percent_covered_display": "100", "missing_lines": 0, "excluded_lines": 0, "percent_statements_covered": 100.0, "percent_statements_covered_display": "100"}, "missing_lines": [], "excluded_lines": [], "start_line": 1}}}, "slack_bot/logging_config.py": {"executed_lines": [11, 12, 13, 14, 15, 16, 19, 30, 64, 81, 115, 126, 130, 137, 169, 211, 221, 225, 236, 246, 259, 265, 303], "summary": {"covered_lines": 23, "num_statements": 102, "percent_covered": 22.54901960784314, "percent_covered_display": "23", "missing_lines": 79, "excluded_lines": 0, "percent_statements_covered": 22.54901960784314, "percent_statements_covered_display": "23"}, "missing_lines": [66, 67, 68, 71, 72, 73, 74, 75, 79, 89, 97, 98, 99, 100, 101, 102, 103, 104, 108, 109, 111, 113, 117, 118, 120, 121, 123, 139, 150, 151, 152, 155, 156, 160, 161, 163, 164, 166, 178, 179, 182, 183, 186, 187, 190, 191, 193, 197, 200, 203, 206, 207, 208, 243, 244, 248, 250, 251, 252, 253, 254, 256, 257, 261, 262, 282, 289, 290, 291, 292, 293, 294, 296, 328, 337, 338, 340, 341, 343], "excluded_lines": [], "functions": {"SensitiveDataFilter.filter": {"executed_lines": [], "summary": {"covered_lines": 0, "num_statements": 9, "percent_covered": 0.0, "percent_covered_display": "0", "missing_lines": 9, "excluded_lines": 0, "percent_statements_covered": 0.0, "percent_statements_covered_display": "0"}, "missing_lines": [66, 67, 68, 71, 72, 73, 74, 75, 79], "excluded_lines": [], "start_line": 64}, "SensitiveDataFilter._redact_dict": {"executed_lines": [], "summary": {"covered_lines": 0, "num_statements": 13, "percent_covered": 0.0, "percent_covered_display": "0", "missing_lines": 13, "excluded_lines": 0, "percent_statements_covered": 0.0, "percent_statements_covered_display": "0"}, "missing_lines": [89, 97, 98, 99, 100, 101, 102, 103, 104, 108, 109, 111, 113], "excluded_lines": [], "start_line": 81}, "SensitiveDataFilter._redact_value": {"executed_lines": [], "summary": {"covered_lines": 0, "num_statements": 5, "percent_covered": 0.0, "percent_covered_display": "0", "missing_lines": 5, "excluded_lines": 0, "percent_statements_covered": 0.0, "percent_statements_covered_display": "0"}, "missing_lines": [117, 118, 120, 121, 123], "excluded_lines": [], "start_line": 115}, "JSONFormatter.format": {"executed_lines": [], "summary": {"covered_lines": 0, "num_statements": 11, "percent_covered": 0.0, "percent_covered_display": "0", "missing_lines": 11, "excluded_lines": 0, "percent_statements_covered": 0.0, "percent_statements_covered_display": "0"}, "missing_lines": [139, 150, 151, 152, 155, 156, 160, 161, 163, 164, 166], "excluded_lines": [], "start_line": 137}, "setup_logging": {"executed_lines": [], "summary": {"covered_lines": 0, "num_statements": 15, "percent_covered": 0.0, "percent_covered_display": "0", "missing_lines": 15, "excluded_lines": 0, "percent_statements_covered": 0.0, "percent_statements_covered_display": "0"}, "missing_lines": [178, 179, 182, 183, 186, 187, 190, 191, 193, 197, 200, 203, 206, 207, 208], "excluded_lines": [], "start_line": 169}, "get_logger": {"executed_lines": [221], "summary": {"covered_lines": 1, "num_statements": 1, "percent_covered": 100.0, "percent_covered_display": "100", "missing_lines": 0, "excluded_lines": 0, "percent_statements_covered": 100.0, "percent_statements_covered_display": "100"}, "missing_lines": [], "excluded_lines": [], "start_line": 211}, "LogContext.__init__": {"executed_lines": [], "summary": {"covered_lines": 0, "num_statements": 2, "percent_covered": 0.0, "percent_covered_display": "0", "missing_lines": 2, "excluded_lines": 0, "percent_statements_covered": 0.0, "percent_statements_covered_display": "0"}, "missing_lines": [243, 244], "excluded_lines": [], "start_line": 236}, "LogContext.__enter__": {"executed_lines": [], "summary": {"covered_lines": 0, "num_statements": 4, "percent_covered": 0.0, "percent_covered_display": "0", "missing_lines": 4, "excluded_lines": 0, "percent_statements_covered": 0.0, "percent_statements_covered_display": "0"}, "missing_lines": [248, 250, 256, 257], "excluded_lines": [], "start_line": 246}, "LogContext.__enter__.record_factory": {"executed_lines": [], "summary": {"covered_lines": 0, "num_statements": 4, "percent_covered": 0.0, "percent_covered_display": "0", "missing_lines": 4, "excluded_lines": 0, "percent_statements_covered": 0.0, "percent_statements_covered_display": "0"}, "missing_lines": [251, 252, 253, 254], "excluded_lines": [], "start_line": 250}, "LogContext.__exit__": {"executed_lines": [], "summary": {"covered_lines": 0, "num_statements": 2, "percent_covered": 0.0, "percent_covered_display": "0", "missing_lines": 2, "excluded_lines": 0, "percent_statements_covered": 0.0, "percent_statements_covered_display": "0"}, "missing_lines": [261, 262], "excluded_lines": [], "start_line": 259}, "log_error_with_context": {"executed_lines": [], "summary": {"covered_lines": 0, "num_statements": 8, "percent_covered": 0.0, "percent_covered_display": "0", "missing_lines": 8, "excluded_lines": 0, "percent_statements_covered": 0.0, "percent_statements_covered_display": "0"}, "missing_lines": [282, 289, 290, 291, 292, 293, 294, 296], "excluded_lines": [], "start_line": 265}, "log_api_call": {"executed_lines": [], "summary": {"covered_lines": 0, "num_statements": 6, "percent_covered": 0.0, "percent_covered_display": "0", "missing_lines": 6, "excluded_lines": 0, "percent_statements_covered": 0.0, "percent_statements_covered_display": "0"}, "missing_lines": [328, 337, 338, 340, 341, 343], "excluded_lines": [], "start_line": 303}, "": {"executed_lines": [11, 12, 13, 14, 15, 16, 19, 30, 64, 81, 115, 126, 130, 137, 169, 211, 225, 236, 246, 259, 265, 303], "summary": {"covered_lines": 22, "num_statements": 22, "percent_covered": 100.0, "percent_covered_display": "100", "missing_lines": 0, "excluded_lines": 0, "percent_statements_covered": 100.0, "percent_statements_covered_display": "100"}, "missing_lines": [], "excluded_lines": [], "start_line": 1}}, "classes": {"SensitiveDataFilter": {"executed_lines": [], "summary": {"covered_lines": 0, "num_statements": 27, "percent_covered": 0.0, "percent_covered_display": "0", "missing_lines": 27, "excluded_lines": 0, "percent_statements_covered": 0.0, "percent_statements_covered_display": "0"}, "missing_lines": [66, 67, 68, 71, 72, 73, 74, 75, 79, 89, 97, 98, 99, 100, 101, 102, 103, 104, 108, 109, 111, 113, 117, 118, 120, 121, 123], "excluded_lines": [], "start_line": 19}, "JSONFormatter": {"executed_lines": [], "summary": {"covered_lines": 0, "num_statements": 11, "percent_covered": 0.0, "percent_covered_display": "0", "missing_lines": 11, "excluded_lines": 0, "percent_statements_covered": 0.0, "percent_statements_covered_display": "0"}, "missing_lines": [139, 150, 151, 152, 155, 156, 160, 161, 163, 164, 166], "excluded_lines": [], "start_line": 126}, "LogContext": {"executed_lines": [], "summary": {"covered_lines": 0, "num_statements": 12, "percent_covered": 0.0, "percent_covered_display": "0", "missing_lines": 12, "excluded_lines": 0, "percent_statements_covered": 0.0, "percent_statements_covered_display": "0"}, "missing_lines": [243, 244, 248, 250, 251, 252, 253, 254, 256, 257, 261, 262], "excluded_lines": [], "start_line": 225}, "": {"executed_lines": [11, 12, 13, 14, 15, 16, 19, 30, 64, 81, 115, 126, 130, 137, 169, 211, 221, 225, 236, 246, 259, 265, 303], "summary": {"covered_lines": 23, "num_statements": 52, "percent_covered": 44.23076923076923, "percent_covered_display": "44", "missing_lines": 29, "excluded_lines": 0, "percent_statements_covered": 44.23076923076923, "percent_statements_covered_display": "44"}, "missing_lines": [178, 179, 182, 183, 186, 187, 190, 191, 193, 197, 200, 203, 206, 207, 208, 282, 289, 290, 291, 292, 293, 294, 296, 328, 337, 338, 340, 341, 343], "excluded_lines": [], "start_line": 1}}}, "slack_bot/main.py": {"executed_lines": [], "summary": {"covered_lines": 0, "num_statements": 30, "percent_covered": 0.0, "percent_covered_display": "0", "missing_lines": 30, "excluded_lines": 0, "percent_statements_covered": 0.0, "percent_statements_covered_display": "0"}, "missing_lines": [11, 12, 13, 15, 17, 18, 19, 20, 22, 23, 24, 27, 30, 32, 33, 34, 37, 38, 39, 40, 41, 42, 43, 44, 45, 48, 50, 58, 61, 62], "excluded_lines": [], "functions": {"main": {"executed_lines": [], "summary": {"covered_lines": 0, "num_statements": 15, "percent_covered": 0.0, "percent_covered_display": "0", "missing_lines": 15, "excluded_lines": 0, "percent_statements_covered": 0.0, "percent_statements_covered_display": "0"}, "missing_lines": [32, 33, 34, 37, 38, 39, 40, 41, 42, 43, 44, 45, 48, 50, 58], "excluded_lines": [], "start_line": 30}, "": {"executed_lines": [], "summary": {"covered_lines": 0, "num_statements": 15, "percent_covered": 0.0, "percent_covered_display": "0", "missing_lines": 15, "excluded_lines": 0, "percent_statements_covered": 0.0, "percent_statements_covered_display": "0"}, "missing_lines": [11, 12, 13, 15, 17, 18, 19, 20, 22, 23, 24, 27, 30, 61, 62], "excluded_lines": [], "start_line": 1}}, "classes": {"": {"executed_lines": [], "summary": {"covered_lines": 0, "num_statements": 30, "percent_covered": 0.0, "percent_covered_display": "0", "missing_lines": 30, "excluded_lines": 0, "percent_statements_covered": 0.0, "percent_statements_covered_display": "0"}, "missing_lines": [11, 12, 13, 15, 17, 18, 19, 20, 22, 23, 24, 27, 30, 32, 33, 34, 37, 38, 39, 40, 41, 42, 43, 44, 45, 48, 50, 58, 61, 62], "excluded_lines": [], "start_line": 1}}}, "slack_bot/message_formatter.py": {"executed_lines": [14, 15, 16, 17, 23, 26, 37, 44, 45, 46, 47, 48, 52, 62, 70, 87, 95, 104, 106, 113, 115, 125, 136, 154, 173, 183, 184, 186, 190, 203, 205, 224, 230, 251, 258, 279, 291, 292, 294, 314, 326, 327, 328, 329, 330, 331, 333, 335, 348, 349, 350, 352], "summary": {"covered_lines": 52, "num_statements": 65, "percent_covered": 80.0, "percent_covered_display": "80", "missing_lines": 13, "excluded_lines": 0, "percent_statements_covered": 80.0, "percent_statements_covered_display": "80"}, "missing_lines": [96, 149, 275, 306, 312, 364, 367, 370, 371, 373, 378, 389, 391], "excluded_lines": [], "functions": {"MessageFormatter.__init__": {"executed_lines": [44, 45, 46, 47, 48], "summary": {"covered_lines": 5, "num_statements": 5, "percent_covered": 100.0, "percent_covered_display": "100", "missing_lines": 0, "excluded_lines": 0, "percent_statements_covered": 100.0, "percent_statements_covered_display": "100"}, "missing_lines": [], "excluded_lines": [], "start_line": 37}, "MessageFormatter.create_header_block": {"executed_lines": [62], "summary": {"covered_lines": 1, "num_statements": 1, "percent_covered": 100.0, "percent_covered_display": "100", "missing_lines": 0, "excluded_lines": 0, "percent_statements_covered": 100.0, "percent_statements_covered_display": "100"}, "missing_lines": [], "excluded_lines": [], "start_line": 52}, "MessageFormatter.create_section_block": {"executed_lines": [87, 95, 104], "summary": {"covered_lines": 3, "num_statements": 4, "percent_covered": 75.0, "percent_covered_display": "75", "missing_lines": 1, "excluded_lines": 0, "percent_statements_covered": 75.0, "percent_statements_covered_display": "75"}, "missing_lines": [96], "excluded_lines": [], "start_line": 70}, "MessageFormatter.create_divider_block": {"executed_lines": [113], "summary": {"covered_lines": 1, "num_statements": 1, "percent_covered": 100.0, "percent_covered_display": "100", "missing_lines": 0, "excluded_lines": 0, "percent_statements_covered": 100.0, "percent_statements_covered_display": "100"}, "missing_lines": [], "excluded_lines": [], "start_line": 106}, "MessageFormatter.create_context_block": {"executed_lines": [125], "summary": {"covered_lines": 1, "num_statements": 1, "percent_covered": 100.0, "percent_covered_display": "100", "missing_lines": 0, "excluded_lines": 0, "percent_statements_covered": 100.0, "percent_statements_covered_display": "100"}, "missing_lines": [], "excluded_lines": [], "start_line": 115}, "MessageFormatter.create_actions_block": {"executed_lines": [], "summary": {"covered_lines": 0, "num_statements": 1, "percent_covered": 0.0, "percent_covered_display": "0", "missing_lines": 1, "excluded_lines": 0, "percent_statements_covered": 0.0, "percent_statements_covered_display": "0"}, "missing_lines": [149], "excluded_lines": [], "start_line": 136}, "MessageFormatter.create_button_element": {"executed_lines": [173, 183, 184, 186], "summary": {"covered_lines": 4, "num_statements": 4, "percent_covered": 100.0, "percent_covered_display": "100", "missing_lines": 0, "excluded_lines": 0, "percent_statements_covered": 100.0, "percent_statements_covered_display": "100"}, "missing_lines": [], "excluded_lines": [], "start_line": 154}, "MessageFormatter.format_daily_plan": {"executed_lines": [203], "summary": {"covered_lines": 1, "num_statements": 1, "percent_covered": 100.0, "percent_covered_display": "100", "missing_lines": 0, "excluded_lines": 0, "percent_statements_covered": 100.0, "percent_statements_covered_display": "100"}, "missing_lines": [], "excluded_lines": [], "start_line": 190}, "MessageFormatter.format_blocking_task_alert": {"executed_lines": [224], "summary": {"covered_lines": 1, "num_statements": 1, "percent_covered": 100.0, "percent_covered_display": "100", "missing_lines": 0, "excluded_lines": 0, "percent_statements_covered": 100.0, "percent_statements_covered_display": "100"}, "missing_lines": [], "excluded_lines": [], "start_line": 205}, "MessageFormatter.format_error_message": {"executed_lines": [251], "summary": {"covered_lines": 1, "num_statements": 1, "percent_covered": 100.0, "percent_covered_display": "100", "missing_lines": 0, "excluded_lines": 0, "percent_statements_covered": 100.0, "percent_statements_covered_display": "100"}, "missing_lines": [], "excluded_lines": [], "start_line": 230}, "MessageFormatter.format_approval_confirmation": {"executed_lines": [], "summary": {"covered_lines": 0, "num_statements": 1, "percent_covered": 0.0, "percent_covered_display": "0", "missing_lines": 1, "excluded_lines": 0, "percent_statements_covered": 0.0, "percent_statements_covered_display": "0"}, "missing_lines": [275], "excluded_lines": [], "start_line": 258}, "MessageFormatter.create_jira_link": {"executed_lines": [291, 292], "summary": {"covered_lines": 2, "num_statements": 2, "percent_covered": 100.0, "percent_covered_display": "100", "missing_lines": 0, "excluded_lines": 0, "percent_statements_covered": 100.0, "percent_statements_covered_display": "100"}, "missing_lines": [], "excluded_lines": [], "start_line": 279}, "MessageFormatter.format_urgency_emoji": {"executed_lines": [], "summary": {"covered_lines": 0, "num_statements": 2, "percent_covered": 0.0, "percent_covered_display": "0", "missing_lines": 2, "excluded_lines": 0, "percent_statements_covered": 0.0, "percent_statements_covered_display": "0"}, "missing_lines": [306, 312], "excluded_lines": [], "start_line": 294}, "MessageFormatter.format_effort": {"executed_lines": [326, 327, 328, 329, 330, 331, 333], "summary": {"covered_lines": 7, "num_statements": 7, "percent_covered": 100.0, "percent_covered_display": "100", "missing_lines": 0, "excluded_lines": 0, "percent_statements_covered": 100.0, "percent_statements_covered_display": "100"}, "missing_lines": [], "excluded_lines": [], "start_line": 314}, "MessageFormatter.truncate_text": {"executed_lines": [348, 349, 350], "summary": {"covered_lines": 3, "num_statements": 3, "percent_covered": 100.0, "percent_covered_display": "100", "missing_lines": 0, "excluded_lines": 0, "percent_statements_covered": 100.0, "percent_statements_covered_display": "100"}, "missing_lines": [], "excluded_lines": [], "start_line": 335}, "MessageFormatter.format_blocking_task_resolved": {"executed_lines": [], "summary": {"covered_lines": 0, "num_statements": 8, "percent_covered": 0.0, "percent_covered_display": "0", "missing_lines": 8, "excluded_lines": 0, "percent_statements_covered": 0.0, "percent_statements_covered_display": "0"}, "missing_lines": [364, 367, 370, 371, 373, 378, 389, 391], "excluded_lines": [], "start_line": 352}, "": {"executed_lines": [14, 15, 16, 17, 23, 26, 37, 52, 70, 106, 115, 136, 154, 190, 205, 230, 258, 279, 294, 314, 335, 352], "summary": {"covered_lines": 22, "num_statements": 22, "percent_covered": 100.0, "percent_covered_display": "100", "missing_lines": 0, "excluded_lines": 0, "percent_statements_covered": 100.0, "percent_statements_covered_display": "100"}, "missing_lines": [], "excluded_lines": [], "start_line": 1}}, "classes": {"MessageFormatter": {"executed_lines": [44, 45, 46, 47, 48, 62, 87, 95, 104, 113, 125, 173, 183, 184, 186, 203, 224, 251, 291, 292, 326, 327, 328, 329, 330, 331, 333, 348, 349, 350], "summary": {"covered_lines": 30, "num_statements": 43, "percent_covered": 69.76744186046511, "percent_covered_display": "70", "missing_lines": 13, "excluded_lines": 0, "percent_statements_covered": 69.76744186046511, "percent_statements_covered_display": "70"}, "missing_lines": [96, 149, 275, 306, 312, 364, 367, 370, 371, 373, 378, 389, 391], "excluded_lines": [], "start_line": 26}, "": {"executed_lines": [14, 15, 16, 17, 23, 26, 37, 52, 70, 106, 115, 136, 154, 190, 205, 230, 258, 279, 294, 314, 335, 352], "summary": {"covered_lines": 22, "num_statements": 22, "percent_covered": 100.0, "percent_covered_display": "100", "missing_lines": 0, "excluded_lines": 0, "percent_statements_covered": 100.0, "percent_statements_covered_display": "100"}, "missing_lines": [], "excluded_lines": [], "start_line": 1}}}, "slack_bot/models.py": {"executed_lines": [12, 13, 14, 17, 26, 28, 33, 38, 42, 46, 51, 52, 53, 60, 69, 71, 75, 79, 84, 88, 93, 94, 95, 102, 111, 113, 117, 121, 126, 131, 135, 140, 141, 142, 144, 152, 154, 157, 166, 168, 172, 176, 180, 185, 186, 187, 189, 191, 193, 194, 195, 197, 198, 200, 203, 212, 214, 218, 222, 226, 230, 234, 238, 244, 253, 255, 259, 263, 271, 280, 282, 287, 291, 296, 300, 306, 315, 317, 321, 325, 330, 335, 339, 344, 345, 346, 348, 350, 353, 362, 364, 368, 372, 377, 382, 386, 390, 396, 405, 407, 411, 415, 419, 423, 427], "summary": {"covered_lines": 105, "num_statements": 115, "percent_covered": 91.30434782608695, "percent_covered_display": "91", "missing_lines": 10, "excluded_lines": 0, "percent_statements_covered": 91.30434782608695, "percent_statements_covered_display": "91"}, "missing_lines": [55, 56, 57, 97, 98, 99, 153, 190, 199, 349], "excluded_lines": [], "functions": {"SlackUser.validate_email": {"executed_lines": [], "summary": {"covered_lines": 0, "num_statements": 3, "percent_covered": 0.0, "percent_covered_display": "0", "missing_lines": 3, "excluded_lines": 0, "percent_statements_covered": 0.0, "percent_statements_covered_display": "0"}, "missing_lines": [55, 56, 57], "excluded_lines": [], "start_line": 53}, "SlackConfig.validate_channel": {"executed_lines": [], "summary": {"covered_lines": 0, "num_statements": 3, "percent_covered": 0.0, "percent_covered_display": "0", "missing_lines": 3, "excluded_lines": 0, "percent_statements_covered": 0.0, "percent_statements_covered_display": "0"}, "missing_lines": [97, 98, 99], "excluded_lines": [], "start_line": 95}, "WebhookEvent.validate_event_type": {"executed_lines": [144, 152, 154], "summary": {"covered_lines": 3, "num_statements": 4, "percent_covered": 75.0, "percent_covered_display": "75", "missing_lines": 1, "excluded_lines": 0, "percent_statements_covered": 75.0, "percent_statements_covered_display": "75"}, "missing_lines": [153], "excluded_lines": [], "start_line": 142}, "SlackMessage.validate_text_not_empty": {"executed_lines": [189, 191], "summary": {"covered_lines": 2, "num_statements": 3, "percent_covered": 66.66666666666667, "percent_covered_display": "67", "missing_lines": 1, "excluded_lines": 0, "percent_statements_covered": 66.66666666666667, "percent_statements_covered_display": "67"}, "missing_lines": [190], "excluded_lines": [], "start_line": 187}, "SlackMessage.validate_blocks_structure": {"executed_lines": [197, 198, 200], "summary": {"covered_lines": 3, "num_statements": 4, "percent_covered": 75.0, "percent_covered_display": "75", "missing_lines": 1, "excluded_lines": 0, "percent_statements_covered": 75.0, "percent_statements_covered_display": "75"}, "missing_lines": [199], "excluded_lines": [], "start_line": 195}, "SlashCommand.validate_command_format": {"executed_lines": [348, 350], "summary": {"covered_lines": 2, "num_statements": 3, "percent_covered": 66.66666666666667, "percent_covered_display": "67", "missing_lines": 1, "excluded_lines": 0, "percent_statements_covered": 66.66666666666667, "percent_statements_covered_display": "67"}, "missing_lines": [349], "excluded_lines": [], "start_line": 346}, "": {"executed_lines": [12, 13, 14, 17, 26, 28, 33, 38, 42, 46, 51, 52, 53, 60, 69, 71, 75, 79, 84, 88, 93, 94, 95, 102, 111, 113, 117, 121, 126, 131, 135, 140, 141, 142, 157, 166, 168, 172, 176, 180, 185, 186, 187, 193, 194, 195, 203, 212, 214, 218, 222, 226, 230, 234, 238, 244, 253, 255, 259, 263, 271, 280, 282, 287, 291, 296, 300, 306, 315, 317, 321, 325, 330, 335, 339, 344, 345, 346, 353, 362, 364, 368, 372, 377, 382, 386, 390, 396, 405, 407, 411, 415, 419, 423, 427], "summary": {"covered_lines": 95, "num_statements": 95, "percent_covered": 100.0, "percent_covered_display": "100", "missing_lines": 0, "excluded_lines": 0, "percent_statements_covered": 100.0, "percent_statements_covered_display": "100"}, "missing_lines": [], "excluded_lines": [], "start_line": 1}}, "classes": {"SlackUser": {"executed_lines": [], "summary": {"covered_lines": 0, "num_statements": 3, "percent_covered": 0.0, "percent_covered_display": "0", "missing_lines": 3, "excluded_lines": 0, "percent_statements_covered": 0.0, "percent_statements_covered_display": "0"}, "missing_lines": [55, 56, 57], "excluded_lines": []
[...]
 "percent_statements_covered_display": "77"}, "missing_lines": [99, 102, 103, 105, 133, 134, 135, 136, 137, 138, 139, 140, 141, 142, 143, 144, 145, 183, 184], "excluded_lines": [], "start_line": 77}, "": {"executed_lines": [7, 8, 9, 10, 13, 15, 16, 17, 18, 19, 22, 23, 25, 26, 27, 30, 31, 33, 34, 35, 36, 37, 38, 39, 40, 41, 42, 43, 44, 47, 48, 50, 51, 52, 53, 54, 55, 58, 59, 61, 62, 63, 66, 67, 69, 70, 71, 72, 73, 74, 75, 77, 191, 192, 194, 195, 196, 197, 200, 201, 203, 204, 205, 208, 209, 211, 212, 213, 214, 215, 218, 219, 221, 222, 223], "summary": {"covered_lines": 75, "num_statements": 75, "percent_covered": 100.0, "percent_covered_display": "100", "missing_lines": 0, "excluded_lines": 0, "percent_statements_covered": 100.0, "percent_statements_covered_display": "100"}, "missing_lines": [], "excluded_lines": [], "start_line": 1}}, "classes": {"TaskCategory": {"executed_lines": [], "summary": {"covered_lines": 0, "num_statements": 0, "percent_covered": 100.0, "percent_covered_display": "100", "missing_lines": 0, "excluded_lines": 0, "percent_statements_covered": 100.0, "percent_statements_covered_display": "100"}, "missing_lines": [], "excluded_lines": [], "start_line": 13}, "IssueLink": {"executed_lines": [], "summary": {"covered_lines": 0, "num_statements": 0, "percent_covered": 100.0, "percent_covered_display": "100", "missing_lines": 0, "excluded_lines": 0, "percent_statements_covered": 100.0, "percent_statements_covered_display": "100"}, "missing_lines": [], "excluded_lines": [], "start_line": 23}, "JiraIssue": {"executed_lines": [], "summary": {"covered_lines": 0, "num_statements": 0, "percent_covered": 100.0, "percent_covered_display": "100", "missing_lines": 0, "excluded_lines": 0, "percent_statements_covered": 100.0, "percent_statements_covered_display": "100"}, "missing_lines": [], "excluded_lines": [], "start_line": 31}, "TaskClassification": {"executed_lines": [], "summary": {"covered_lines": 0, "num_statements": 0, "percent_covered": 100.0, "percent_covered_display": "100", "missing_lines": 0, "excluded_lines": 0, "percent_statements_covered": 100.0, "percent_statements_covered_display": "100"}, "missing_lines": [], "excluded_lines": [], "start_line": 48}, "AdminBlock": {"executed_lines": [], "summary": {"covered_lines": 0, "num_statements": 0, "percent_covered": 100.0, "percent_covered_display": "100", "missing_lines": 0, "excluded_lines": 0, "percent_statements_covered": 100.0, "percent_statements_covered_display": "100"}, "missing_lines": [], "excluded_lines": [], "start_line": 59}, "DailyPlan": {"executed_lines": [83, 86, 87, 90, 94, 98, 100, 101, 107, 108, 109, 112, 113, 115, 116, 117, 119, 120, 121, 122, 123, 124, 125, 126, 127, 128, 129, 132, 148, 149, 150, 151, 152, 153, 154, 155, 156, 157, 158, 159, 160, 161, 162, 163, 166, 167, 168, 169, 170, 171, 172, 175, 176, 177, 178, 179, 180, 181, 182, 185, 186, 188], "summary": {"covered_lines": 62, "num_statements": 81, "percent_covered": 76.54320987654322, "percent_covered_display": "77", "missing_lines": 19, "excluded_lines": 0, "percent_statements_covered": 76.54320987654322, "percent_statements_covered_display": "77"}, "missing_lines": [99, 102, 103, 105, 133, 134, 135, 136, 137, 138, 139, 140, 141, 142, 143, 144, 145, 183, 184], "excluded_lines": [], "start_line": 67}, "SubtaskSpec": {"executed_lines": [], "summary": {"covered_lines": 0, "num_statements": 0, "percent_covered": 100.0, "percent_covered_display": "100", "missing_lines": 0, "excluded_lines": 0, "percent_statements_covered": 100.0, "percent_statements_covered_display": "100"}, "missing_lines": [], "excluded_lines": [], "start_line": 192}, "TaskCompletion": {"executed_lines": [], "summary": {"covered_lines": 0, "num_statements": 0, "percent_covered": 100.0, "percent_covered_display": "100", "missing_lines": 0, "excluded_lines": 0, "percent_statements_covered": 100.0, "percent_statements_covered_display": "100"}, "missing_lines": [], "excluded_lines": [], "start_line": 201}, "ClosureRecord": {"executed_lines": [], "summary": {"covered_lines": 0, "num_statements": 0, "percent_covered": 100.0, "percent_covered_display": "100", "missing_lines": 0, "excluded_lines": 0, "percent_statements_covered": 100.0, "percent_statements_covered_display": "100"}, "missing_lines": [], "excluded_lines": [], "start_line": 209}, "ApprovalResult": {"executed_lines": [], "summary": {"covered_lines": 0, "num_statements": 0, "percent_covered": 100.0, "percent_covered_display": "100", "missing_lines": 0, "excluded_lines": 0, "percent_statements_covered": 100.0, "percent_statements_covered_display": "100"}, "missing_lines": [], "excluded_lines": [], "start_line": 219}, "": {"executed_lines": [7, 8, 9, 10, 13, 15, 16, 17, 18, 19, 22, 23, 25, 26, 27, 30, 31, 33, 34, 35, 36, 37, 38, 39, 40, 41, 42, 43, 44, 47, 48, 50, 51, 52, 53, 54, 55, 58, 59, 61, 62, 63, 66, 67, 69, 70, 71, 72, 73, 74, 75, 77, 191, 192, 194, 195, 196, 197, 200, 201, 203, 204, 205, 208, 209, 211, 212, 213, 214, 215, 218, 219, 221, 222, 223], "summary": {"covered_lines": 75, "num_statements": 75, "percent_covered": 100.0, "percent_covered_display": "100", "missing_lines": 0, "excluded_lines": 0, "percent_statements_covered": 100.0, "percent_statements_covered_display": "100"}, "missing_lines": [], "excluded_lines": [], "start_line": 1}}}, "triage/plan_generator.py": {"executed_lines": [7, 8, 9, 10, 11, 12, 14, 15, 16, 28, 31, 37, 40, 43, 45, 55, 56, 59, 60, 62, 63, 65, 67, 84, 86, 88, 90, 94, 98, 99, 102, 106, 107, 111, 113, 115, 132, 141, 142, 145, 148, 151, 155, 156, 157, 158, 164, 166, 168, 178, 180, 191, 197, 200, 201, 203, 205, 208, 209, 210, 213, 219, 230, 233, 234, 235, 238, 239, 243, 246, 247, 251, 257, 261, 267, 268, 271, 272, 275, 276, 277, 278, 281, 282, 285, 286, 287, 288, 290, 297, 300, 301, 302, 306, 316, 317, 319, 399, 491, 501, 502, 504, 539, 569, 621, 631, 633, 634, 650, 661, 662, 665, 667, 668, 672], "summary": {"covered_lines": 115, "num_statements": 234, "percent_covered": 49.14529914529915, "percent_covered_display": "49", "missing_lines": 119, "excluded_lines": 0, "percent_statements_covered": 49.14529914529915, "percent_statements_covered_display": "49"}, "missing_lines": [91, 95, 103, 108, 109, 160, 161, 162, 252, 253, 254, 262, 263, 264, 303, 335, 338, 344, 347, 348, 349, 352, 355, 358, 362, 364, 365, 366, 369, 370, 373, 376, 379, 380, 382, 388, 391, 413, 416, 417, 420, 422, 423, 427, 428, 429, 432, 435, 437, 438, 439, 441, 444, 447, 449, 450, 453, 454, 455, 456, 457, 458, 461, 463, 465, 468, 479, 486, 488, 489, 514, 516, 517, 518, 521, 522, 525, 526, 527, 528, 531, 532, 533, 536, 537, 551, 554, 555, 558, 559, 560, 561, 564, 565, 567, 581, 584, 587, 588, 591, 594, 595, 598, 607, 608, 616, 617, 619, 636, 637, 638, 640, 647, 648, 670, 683, 685, 686, 691], "excluded_lines": [], "functions": {"PlanGenerator.__init__": {"executed_lines": [55, 56, 59, 60, 62, 63, 65], "summary": {"covered_lines": 7, "num_statements": 7, "percent_covered": 100.0, "percent_covered_display": "100", "missing_lines": 0, "excluded_lines": 0, "percent_statements_covered": 100.0, "percent_statements_covered_display": "100"}, "missing_lines": [], "excluded_lines": [], "start_line": 45}, "PlanGenerator._filter_eligible_tasks": {"executed_lines": [84, 86, 88, 90, 94, 98, 99, 102, 106, 107, 111, 113], "summary": {"covered_lines": 12, "num_statements": 17, "percent_covered": 70.58823529411765, "percent_covered_display": "71", "missing_lines": 5, "excluded_lines": 0, "percent_statements_covered": 70.58823529411765, "percent_statements_covered_display": "71"}, "missing_lines": [91, 95, 103, 108, 109], "excluded_lines": [], "start_line": 67}, "PlanGenerator._rank_tasks": {"executed_lines": [132, 141, 166], "summary": {"covered_lines": 3, "num_statements": 3, "percent_covered": 100.0, "percent_covered_display": "100", "missing_lines": 0, "excluded_lines": 0, "percent_statements_covered": 100.0, "percent_statements_covered_display": "100"}, "missing_lines": [], "excluded_lines": [], "start_line": 115}, "PlanGenerator._rank_tasks.sort_key": {"executed_lines": [142, 145, 148, 151, 155, 156, 157, 158, 164], "summary": {"covered_lines": 9, "num_statements": 12, "percent_covered": 75.0, "percent_covered_display": "75", "missing_lines": 3, "excluded_lines": 0, "percent_statements_covered": 75.0, "percent_statements_covered_display": "75"}, "missing_lines": [160, 161, 162], "excluded_lines": [], "start_line": 141}, "PlanGenerator._select_priorities": {"executed_lines": [178], "summary": {"covered_lines": 1, "num_statements": 1, "percent_covered": 100.0, "percent_covered_display": "100", "missing_lines": 0, "excluded_lines": 0, "percent_statements_covered": 100.0, "percent_statements_covered_display": "100"}, "missing_lines": [], "excluded_lines": [], "start_line": 168}, "PlanGenerator._group_admin_tasks": {"executed_lines": [191, 197, 200, 201, 203, 205, 208, 209, 210, 213], "summary": {"covered_lines": 10, "num_statements": 10, "percent_covered": 100.0, "percent_covered_display": "100", "missing_lines": 0, "excluded_lines": 0, "percent_statements_covered": 100.0, "percent_statements_covered_display": "100"}, "missing_lines": [], "excluded_lines": [], "start_line": 180}, "PlanGenerator.generate_daily_plan": {"executed_lines": [230, 233, 234, 235, 238, 239, 243, 246, 247, 251, 257, 261, 267, 268, 271, 272, 275, 276, 277, 278, 281, 282, 285, 286, 287, 288, 290, 297, 300, 301, 302, 306, 316, 317], "summary": {"covered_lines": 34, "num_statements": 41, "percent_covered": 82.92682926829268, "percent_covered_display": "83", "missing_lines": 7, "excluded_lines": 0, "percent_statements_covered": 82.92682926829268, "percent_statements_covered_display": "83"}, "missing_lines": [252, 253, 254, 262, 263, 264, 303], "excluded_lines": [], "start_line": 219}, "PlanGenerator.generate_replan": {"executed_lines": [], "summary": {"covered_lines": 0, "num_statements": 22, "percent_covered": 0.0, "percent_covered_display": "0", "missing_lines": 22, "excluded_lines": 0, "percent_statements_covered": 0.0, "percent_statements_covered_display": "0"}, "missing_lines": [335, 338, 344, 347, 348, 349, 352, 355, 358, 362, 364, 365, 366, 369, 370, 373, 376, 379, 380, 382, 388, 391], "excluded_lines": [], "start_line": 319}, "PlanGenerator.propose_decomposition": {"executed_lines": [], "summary": {"covered_lines": 0, "num_statements": 33, "percent_covered": 0.0, "percent_covered_display": "0", "missing_lines": 33, "excluded_lines": 0, "percent_statements_covered": 0.0, "percent_statements_covered_display": "0"}, "missing_lines": [413, 416, 417, 420, 422, 423, 427, 428, 429, 432, 435, 437, 438, 439, 441, 444, 447, 449, 450, 453, 454, 455, 456, 457, 458, 461, 463, 465, 468, 479, 486, 488, 489], "excluded_lines": [], "start_line": 399}, "PlanGenerator._get_closure_file_path": {"executed_lines": [501, 502], "summary": {"covered_lines": 2, "num_statements": 2, "percent_covered": 100.0, "percent_covered_display": "100", "missing_lines": 0, "excluded_lines": 0, "percent_statements_covered": 100.0, "percent_statements_covered_display": "100"}, "missing_lines": [], "excluded_lines": [], "start_line": 491}, "PlanGenerator.record_completion": {"executed_lines": [], "summary": {"covered_lines": 0, "num_statements": 15, "percent_covered": 0.0, "percent_covered_display": "0", "missing_lines": 15, "excluded_lines": 0, "percent_statements_covered": 0.0, "percent_statements_covered_display": "0"}, "missing_lines": [514, 516, 517, 518, 521, 522, 525, 526, 527, 528, 531, 532, 533, 536, 537], "excluded_lines": [], "start_line": 504}, "PlanGenerator.calculate_closure_rate": {"executed_lines": [], "summary": {"covered_lines": 0, "num_statements": 10, "percent_covered": 0.0, "percent_covered_display": "0", "missing_lines": 10, "excluded_lines": 0, "percent_statements_covered": 0.0, "percent_statements_covered_display": "0"}, "missing_lines": [551, 554, 555, 558, 559, 560, 561, 564, 565, 567], "excluded_lines": [], "start_line": 539}, "PlanGenerator.save_closure_record": {"executed_lines": [], "summary": {"covered_lines": 0, "num_statements": 13, "percent_covered": 0.0, "percent_covered_display": "0", "missing_lines": 13, "excluded_lines": 0, "percent_statements_covered": 0.0, "percent_statements_covered_display": "0"}, "missing_lines": [581, 584, 587, 588, 591, 594, 595, 598, 607, 608, 616, 617, 619], "excluded_lines": [], "start_line": 569}, "PlanGenerator.load_closure_record": {"executed_lines": [631, 633, 634], "summary": {"covered_lines": 3, "num_statements": 9, "percent_covered": 33.333333333333336, "percent_covered_display": "33", "missing_lines": 6, "excluded_lines": 0, "percent_statements_covered": 33.333333333333336, "percent_statements_covered_display": "33"}, "missing_lines": [636, 637, 638, 640, 647, 648], "excluded_lines": [], "start_line": 621}, "PlanGenerator.get_previous_closure_rate": {"executed_lines": [661, 662, 665, 667, 668], "summary": {"covered_lines": 5, "num_statements": 6, "percent_covered": 83.33333333333333, "percent_covered_display": "83", "missing_lines": 1, "excluded_lines": 0, "percent_statements_covered": 83.33333333333333, "percent_statements_covered_display": "83"}, "missing_lines": [670], "excluded_lines": [], "start_line": 650}, "PlanGenerator.prompt_incomplete_tasks": {"executed_lines": [], "summary": {"covered_lines": 0, "num_statements": 4, "percent_covered": 0.0, "percent_covered_display": "0", "missing_lines": 4, "excluded_lines": 0, "percent_statements_covered": 0.0, "percent_statements_covered_display": "0"}, "missing_lines": [683, 685, 686, 691], "excluded_lines": [], "start_line": 672}, "": {"executed_lines": [7, 8, 9, 10, 11, 12, 14, 15, 16, 28, 31, 37, 40, 43, 45, 67, 115, 168, 180, 219, 319, 399, 491, 504, 539, 569, 621, 650, 672], "summary": {"covered_lines": 29, "num_statements": 29, "percent_covered": 100.0, "percent_covered_display": "100", "missing_lines": 0, "excluded_lines": 0, "percent_statements_covered": 100.0, "percent_statements_covered_display": "100"}, "missing_lines": [], "excluded_lines": [], "start_line": 1}}, "classes": {"PlanGenerator": {"executed_lines": [55, 56, 59, 60, 62, 63, 65, 84, 86, 88, 90, 94, 98, 99, 102, 106, 107, 111, 113, 132, 141, 142, 145, 148, 151, 155, 156, 157, 158, 164, 166, 178, 191, 197, 200, 201, 203, 205, 208, 209, 210, 213, 230, 233, 234, 235, 238, 239, 243, 246, 247, 251, 257, 261, 267, 268, 271, 272, 275, 276, 277, 278, 281, 282, 285, 286, 287, 288, 290, 297, 300, 301, 302, 306, 316, 317, 501, 502, 631, 633, 634, 661, 662, 665, 667, 668], "summary": {"covered_lines": 86, "num_statements": 205, "percent_covered": 41.951219512195124, "percent_covered_display": "42", "missing_lines": 119, "excluded_lines": 0, "percent_statements_covered": 41.951219512195124, "percent_statements_covered_display": "42"}, "missing_lines": [91, 95, 103, 108, 109, 160, 161, 162, 252, 253, 254, 262, 263, 264, 303, 335, 338, 344, 347, 348, 349, 352, 355, 358, 362, 364, 365, 366, 369, 370, 373, 376, 379, 380, 382, 388, 391, 413, 416, 417, 420, 422, 423, 427, 428, 429, 432, 435, 437, 438, 439, 441, 444, 447, 449, 450, 453, 454, 455, 456, 457, 458, 461, 463, 465, 468, 479, 486, 488, 489, 514, 516, 517, 518, 521, 522, 525, 526, 527, 528, 531, 532, 533, 536, 537, 551, 554, 555, 558, 559, 560, 561, 564, 565, 567, 581, 584, 587, 588, 591, 594, 595, 598, 607, 608, 616, 617, 619, 636, 637, 638, 640, 647, 648, 670, 683, 685, 686, 691], "excluded_lines": [], "start_line": 31}, "": {"executed_lines": [7, 8, 9, 10, 11, 12, 14, 15, 16, 28, 31, 37, 40, 43, 45, 67, 115, 168, 180, 219, 319, 399, 491, 504, 539, 569, 621, 650, 672], "summary": {"covered_lines": 29, "num_statements": 29, "percent_covered": 100.0, "percent_covered_display": "100", "missing_lines": 0, "excluded_lines": 0, "percent_statements_covered": 100.0, "percent_statements_covered_display": "100"}, "missing_lines": [], "excluded_lines": [], "start_line": 1}}}, "triage/task_classifier.py": {"executed_lines": [7, 8, 10, 17, 20, 26, 27, 30, 35, 38, 40, 50, 53, 54, 55, 58, 59, 62, 63, 64, 67, 68, 69, 70, 73, 74, 75, 76, 77, 78, 79, 80, 82, 84, 92, 99, 100, 102, 111, 122, 123, 124, 125, 128, 129, 133, 134, 136, 139, 140, 141, 145, 147, 159, 160, 162, 165, 166, 168, 172, 174, 185, 186, 187, 190, 191, 194, 195, 198], "summary": {"covered_lines": 69, "num_statements": 75, "percent_covered": 92.0, "percent_covered_display": "92", "missing_lines": 6, "excluded_lines": 0, "percent_statements_covered": 92.0, "percent_statements_covered_display": "92"}, "missing_lines": [130, 137, 138, 142, 143, 196], "excluded_lines": [], "functions": {"TaskClassifier.classify_task": {"executed_lines": [50, 53, 54, 55, 58, 59, 62, 63, 64, 67, 68, 69, 70, 73, 74, 75, 76, 77, 78, 79, 80, 82, 84, 92, 99, 100, 102], "summary": {"covered_lines": 27, "num_statements": 27, "percent_covered": 100.0, "percent_covered_display": "100", "missing_lines": 0, "excluded_lines": 0, "percent_statements_covered": 100.0, "percent_statements_covered_display": "100"}, "missing_lines": [], "excluded_lines": [], "start_line": 40}, "TaskClassifier.has_third_party_dependencies": {"executed_lines": [122, 123, 124, 125, 128, 129, 133, 134, 136, 139, 140, 141, 145], "summary": {"covered_lines": 13, "num_statements": 18, "percent_covered": 72.22222222222223, "percent_covered_display": "72", "missing_lines": 5, "excluded_lines": 0, "percent_statements_covered": 72.22222222222223, "percent_statements_covered_display": "72"}, "missing_lines": [130, 137, 138, 142, 143], "excluded_lines": [], "start_line": 111}, "TaskClassifier.estimate_effort_days": {"executed_lines": [159, 160, 162, 165, 166, 168, 172], "summary": {"covered_lines": 7, "num_statements": 7, "percent_covered": 100.0, "percent_covered_display": "100", "missing_lines": 0, "excluded_lines": 0, "percent_statements_covered": 100.0, "percent_statements_covered_display": "100"}, "missing_lines": [], "excluded_lines": [], "start_line": 147}, "TaskClassifier.is_administrative": {"executed_lines": [185, 186, 187, 190, 191, 194, 195, 198], "summary": {"covered_lines": 8, "num_statements": 9, "percent_covered": 88.88888888888889, "percent_covered_display": "89", "missing_lines": 1, "excluded_lines": 0, "percent_statements_covered": 88.88888888888889, "percent_statements_covered_display": "89"}, "missing_lines": [196], "excluded_lines": [], "start_line": 174}, "": {"executed_lines": [7, 8, 10, 17, 20, 26, 27, 30, 35, 38, 40, 111, 147, 174], "summary": {"covered_lines": 14, "num_statements": 14, "percent_covered": 100.0, "percent_covered_display": "100", "missing_lines": 0, "excluded_lines": 0, "percent_statements_covered": 100.0, "percent_statements_covered_display": "100"}, "missing_lines": [], "excluded_lines": [], "start_line": 1}}, "classes": {"TaskClassifier": {"executed_lines": [50, 53, 54, 55, 58, 59, 62, 63, 64, 67, 68, 69, 70, 73, 74, 75, 76, 77, 78, 79, 80, 82, 84, 92, 99, 100, 102, 122, 123, 124, 125, 128, 129, 133, 134, 136, 139, 140, 141, 145, 159, 160, 162, 165, 166, 168, 172, 185, 186, 187, 190, 191, 194, 195, 198], "summary": {"covered_lines": 55, "num_statements": 61, "percent_covered": 90.1639344262295, "percent_covered_display": "90", "missing_lines": 6, "excluded_lines": 0, "percent_statements_covered": 90.1639344262295, "percent_statements_covered_display": "90"}, "missing_lines": [130, 137, 138, 142, 143, 196], "excluded_lines": [], "start_line": 20}, "": {"executed_lines": [7, 8, 10, 17, 20, 26, 27, 30, 35, 38, 40, 111, 147, 174], "summary": {"covered_lines": 14, "num_statements": 14, "percent_covered": 100.0, "percent_covered_display": "100", "missing_lines": 0, "excluded_lines": 0, "percent_statements_covered": 100.0, "percent_statements_covered_display": "100"}, "missing_lines": [], "excluded_lines": [], "start_line": 1}}}}, "totals": {"covered_lines": 1708, "num_statements": 4040, "percent_covered": 42.277227722772274, "percent_covered_display": "42", "missing_lines": 2332, "excluded_lines": 4, "percent_statements_covered": 42.277227722772274, "percent_statements_covered_display": "42"}}